2022-02-15 16:06:46,452 : INFO : root : Loading config.
2022-02-15 16:06:46,456 : INFO : YamlMultifileConfigLoader : Machine config file #1: config.yaml
2022-02-15 16:06:46,461 : INFO : ConfigProcessor : Loading config from cache: /tmp/150217bd52837713c6571329256ae1da.mpf_cache
2022-02-15 16:06:46,609 : INFO : ConfigProcessor : Loading config from cache: /tmp/372026300fa7ae80541ce92d15fa0e9d.mpf_cache
2022-02-15 16:06:46,610 : INFO : ConfigProcessor : Loading config from cache: /tmp/322f648e6e79f866241ec4c07c67c18b.mpf_cache
2022-02-15 16:06:46,611 : INFO : ConfigProcessor : Loading config from cache: /tmp/372026300fa7ae80541ce92d15fa0e9d.mpf_cache
2022-02-15 16:06:46,611 : WARNING : ConfigProcessor : Config file in cache changed: /home/mlatiolais/pinball/middle_earth/modes/base/config/base.yaml
2022-02-15 16:06:46,611 : INFO : ConfigProcessor : Loading config from file /home/mlatiolais/pinball/middle_earth/modes/base/config/base.yaml.
2022-02-15 16:06:46,661 : INFO : ConfigProcessor : Loading config: /home/mlatiolais/pinball/middle_earth/modes/base/config/base.yaml
2022-02-15 16:06:46,662 : INFO : ConfigProcessor : Config file cache created: /tmp/5f8a82683afea0fd22c589bb6b0736e3.mpf_cache
2022-02-15 16:06:46,663 : INFO : ConfigProcessor : Loading config from cache: /tmp/b6540ef4accf248f985af045cc9b78b2.mpf_cache
2022-02-15 16:06:46,663 : INFO : ConfigProcessor : Loading config from cache: /tmp/0404db4da0c76adbd88d369c7d5f3eb2.mpf_cache
2022-02-15 16:06:46,664 : INFO : ConfigProcessor : Loading config from cache: /tmp/89495cf4af32407e432387ecaa79f288.mpf_cache
2022-02-15 16:06:46,664 : INFO : ConfigProcessor : Loading config from cache: /tmp/f2cc127045d30ec36e2e9f3d5429a5e5.mpf_cache
2022-02-15 16:06:46,665 : INFO : ConfigProcessor : Loading config from cache: /tmp/d9e65f9eed1336fb37dc8ade60cc2d11.mpf_cache
2022-02-15 16:06:46,665 : INFO : ConfigProcessor : Loading config from cache: /tmp/d7018b558be5829905e6abfd7edd115a.mpf_cache
2022-02-15 16:06:46,666 : INFO : ConfigProcessor : Loading config from cache: /tmp/79ff4d1171c3248afef75b415aee5708.mpf_cache
2022-02-15 16:06:46,667 : INFO : ConfigProcessor : Loading config from cache: /tmp/2ac4508e72c3a2db5b07500ec5504147.mpf_cache
2022-02-15 16:06:46,667 : INFO : Machine : Mission Pinball Framework Core Engine v0.54.0
2022-02-15 16:06:46,668 : INFO : Machine : Command line arguments: {'no_load_cache': False, 'create_config_cache': True, 'bcp': True, 'configfile': ['config.yaml'], 'force_assets_load': False, 'jsonlogging': False, 'logfile': 'logs/2022-02-15-16-06-46-mpf-mpf-chromebox1.log', 'pause': False, 'production': False, 'text_ui': True, 'loglevel': 15, 'consoleloglevel': 20, 'force_platform': None, 'syslog_address': None, 'mc_file_name': None, 'no_sound': False}
2022-02-15 16:06:46,668 : INFO : Machine : MPF path: /usr/local/lib/python3.6/dist-packages/mpf
2022-02-15 16:06:46,668 : INFO : Machine : Machine path: /home/mlatiolais/pinball/middle_earth
2022-02-15 16:06:46,668 : INFO : Machine : Platform: linux
2022-02-15 16:06:46,668 : INFO : Machine : Python executable location: /usr/bin/python3
2022-02-15 16:06:46,668 : INFO : Machine : Python version: 3.6.9 (64-bit)
2022-02-15 16:06:46,670 : INFO : Machine : Initialise MPF.
2022-02-15 16:06:46,756 : INFO : OPP : Connecting to /dev/ttyACM0 at 115200bps
2022-02-15 16:06:46,781 : INFO : OPP : Init of OPP board 0 done
2022-02-15 16:06:46,781 : INFO : OPP : Connecting to /dev/ttyACM1 at 115200bps
2022-02-15 16:06:46,805 : INFO : OPP : Init of OPP board 3 done
2022-02-15 16:06:46,805 : INFO : OPP : Connecting to /dev/ttyACM2 at 115200bps
2022-02-15 16:06:46,830 : INFO : OPP : Init of OPP board 1 done
2022-02-15 16:06:46,830 : INFO : EventManager : Event: ======'machine_var_credits_string'====== Args={'value': 'FREE PLAY', 'prev_value': None, 'change': True}
2022-02-15 16:06:46,892 : INFO : EventManager : Event: ======'machine_var_player1_score'====== Args={'value': 12740, 'prev_value': None, 'change': True}
2022-02-15 16:06:46,893 : INFO : EventManager : Event: ======'machine_var_mpf_version'====== Args={'value': 'MPF v0.54.0', 'prev_value': None, 'change': True}
2022-02-15 16:06:46,893 : INFO : EventManager : Event: ======'machine_var_mpf_extended_version'====== Args={'value': 'MPF v0.54.0, Config version:5, Show version: 5, BCP version:1.1', 'prev_value': None, 'change': True}
2022-02-15 16:06:46,893 : INFO : EventManager : Event: ======'machine_var_python_version'====== Args={'value': '3.6.9', 'prev_value': None, 'change': True}
2022-02-15 16:06:46,894 : INFO : EventManager : Event: ======'machine_var_platform'====== Args={'value': 'Linux-4.16.18-galliumos-x86_64-with-Ubuntu-18.04-bionic', 'prev_value': None, 'change': True}
2022-02-15 16:06:46,895 : INFO : EventManager : Event: ======'machine_var_platform_system'====== Args={'value': 'Linux', 'prev_value': None, 'change': True}
2022-02-15 16:06:46,895 : INFO : EventManager : Event: ======'machine_var_platform_release'====== Args={'value': '4.16.18-galliumos', 'prev_value': None, 'change': True}
2022-02-15 16:06:46,895 : INFO : EventManager : Event: ======'machine_var_platform_version'====== Args={'value': '#1 SMP PREEMPT Sun Jun 23 04:14:45 UTC 2019', 'prev_value': None, 'change': True}
2022-02-15 16:06:46,895 : INFO : EventManager : Event: ======'machine_var_platform_machine'====== Args={'value': 'x86_64', 'prev_value': None, 'change': True}
2022-02-15 16:06:46,895 : INFO : EventManager : Event: ======'init_phase_1'====== Args={}
2022-02-15 16:06:46,989 : INFO : EventManager : Event: ======'drop_target_bank_upper_bank_up'====== Args={}
2022-02-15 16:06:46,989 : INFO : EventManager : Event: ======'drop_target_bank_lower_bank_up'====== Args={}
2022-02-15 16:06:46,992 : INFO : EventManager : Event: ======'init_phase_2'====== Args={}
2022-02-15 16:06:46,993 : INFO : SwitchController : Found active switch: ('0-0-9', <Platform.OPP>)
2022-02-15 16:06:47,019 : INFO : EventManager : Event: ======'machine_var_score1_label'====== Args={'value': 'GRAND CHAMPION', 'prev_value': None, 'change': True}
2022-02-15 16:06:47,020 : INFO : EventManager : Event: ======'machine_var_score1_name'====== Args={'value': 'HAL', 'prev_value': None, 'change': True}
2022-02-15 16:06:47,020 : INFO : EventManager : Event: ======'machine_var_score1_value'====== Args={'value': 100000, 'prev_value': None, 'change': True}
2022-02-15 16:06:47,020 : INFO : EventManager : Event: ======'machine_var_score2_label'====== Args={'value': 'HIGH SCORE 1', 'prev_value': None, 'change': True}
2022-02-15 16:06:47,020 : INFO : EventManager : Event: ======'machine_var_score2_name'====== Args={'value': 'MPL', 'prev_value': None, 'change': True}
2022-02-15 16:06:47,021 : INFO : EventManager : Event: ======'machine_var_score2_value'====== Args={'value': 25950, 'prev_value': None, 'change': True}
2022-02-15 16:06:47,021 : INFO : EventManager : Event: ======'machine_var_score3_label'====== Args={'value': 'HIGH SCORE 2', 'prev_value': None, 'change': True}
2022-02-15 16:06:47,021 : INFO : EventManager : Event: ======'machine_var_score3_name'====== Args={'value': 'MPL', 'prev_value': None, 'change': True}
2022-02-15 16:06:47,021 : INFO : EventManager : Event: ======'machine_var_score3_value'====== Args={'value': 19800, 'prev_value': None, 'change': True}
2022-02-15 16:06:47,021 : INFO : EventManager : Event: ======'machine_var_score4_label'====== Args={'value': 'HIGH SCORE 3', 'prev_value': None, 'change': True}
2022-02-15 16:06:47,022 : INFO : EventManager : Event: ======'machine_var_score4_name'====== Args={'value': 'MPL', 'prev_value': None, 'change': True}
2022-02-15 16:06:47,022 : INFO : EventManager : Event: ======'machine_var_score4_value'====== Args={'value': 18640, 'prev_value': None, 'change': True}
2022-02-15 16:06:47,022 : INFO : EventManager : Event: ======'machine_var_score5_label'====== Args={'value': 'HIGH SCORE 4', 'prev_value': None, 'change': True}
2022-02-15 16:06:47,022 : INFO : EventManager : Event: ======'machine_var_score5_name'====== Args={'value': 'MPL', 'prev_value': None, 'change': True}
2022-02-15 16:06:47,022 : INFO : EventManager : Event: ======'machine_var_score5_value'====== Args={'value': 17250, 'prev_value': None, 'change': True}
2022-02-15 16:06:47,023 : INFO : EventManager : Event: ======'machine_var_score6_label'====== Args={'value': 'HIGH SCORE 5', 'prev_value': None, 'change': True}
2022-02-15 16:06:47,023 : INFO : EventManager : Event: ======'machine_var_score6_name'====== Args={'value': 'LWW', 'prev_value': None, 'change': True}
2022-02-15 16:06:47,023 : INFO : EventManager : Event: ======'machine_var_score6_value'====== Args={'value': 15100, 'prev_value': None, 'change': True}
2022-02-15 16:06:47,023 : INFO : EventManager : Event: ======'machine_var_score7_label'====== Args={'value': 'HIGH SCORE 6', 'prev_value': None, 'change': True}
2022-02-15 16:06:47,024 : INFO : EventManager : Event: ======'machine_var_score7_name'====== Args={'value': 'MPL', 'prev_value': None, 'change': True}
2022-02-15 16:06:47,024 : INFO : EventManager : Event: ======'machine_var_score7_value'====== Args={'value': 14850, 'prev_value': None, 'change': True}
2022-02-15 16:06:47,024 : INFO : EventManager : Event: ======'machine_var_score8_label'====== Args={'value': 'HIGH SCORE 7', 'prev_value': None, 'change': True}
2022-02-15 16:06:47,024 : INFO : EventManager : Event: ======'machine_var_score8_name'====== Args={'value': '_AF', 'prev_value': None, 'change': True}
2022-02-15 16:06:47,026 : INFO : EventManager : Event: ======'machine_var_score8_value'====== Args={'value': 13050, 'prev_value': None, 'change': True}
2022-02-15 16:06:47,026 : INFO : EventManager : Event: ======'machine_var_score9_label'====== Args={'value': 'HIGH SCORE 8', 'prev_value': None, 'change': True}
2022-02-15 16:06:47,027 : INFO : EventManager : Event: ======'machine_var_score9_name'====== Args={'value': 'MPL', 'prev_value': None, 'change': True}
2022-02-15 16:06:47,027 : INFO : EventManager : Event: ======'machine_var_score9_value'====== Args={'value': 12740, 'prev_value': None, 'change': True}
2022-02-15 16:06:47,027 : INFO : EventManager : Event: ======'machine_var_loops1_label'====== Args={'value': 'LOOP CHAMP', 'prev_value': None, 'change': True}
2022-02-15 16:06:47,027 : INFO : EventManager : Event: ======'machine_var_loops1_name'====== Args={'value': 'NGM', 'prev_value': None, 'change': True}
2022-02-15 16:06:47,028 : INFO : EventManager : Event: ======'machine_var_loops1_value'====== Args={'value': 2, 'prev_value': None, 'change': True}
2022-02-15 16:06:47,029 : INFO : EventManager : Event: ======'bcp_connection_attempt'====== Args={'name': 'local_display', 'host': 'localhost', 'port': 5050}
2022-02-15 16:06:47,031 : INFO : BCPClientSocket : Connecting BCP to 'local_display' at localhost:5050...
2022-02-15 16:06:48,170 : INFO : BCPClientSocket : Connected BCP to 'local_display' localhost:5050
2022-02-15 16:06:48,171 : INFO : EventManager : Event: ======'bcp_clients_connected'====== Args={}
2022-02-15 16:06:48,174 : INFO : ball_device.bd_drain : State: idle
2022-02-15 16:06:48,199 : INFO : EventManager : Event: ======'init_phase_3'====== Args={}
2022-02-15 16:06:48,200 : INFO : EventManager : Event: ======'machine_var_mc_version'====== Args={'value': 'MPF-MC v0.54.0', 'prev_value': None, 'change': True}
2022-02-15 16:06:48,200 : INFO : EventManager : Event: ======'machine_var_mc_extended_version'====== Args={'value': 'MPF-MC v0.54.0 (config_version=5, BCP v1.1, Requires MPF v0.54.0)', 'prev_value': None, 'change': True}
2022-02-15 16:06:48,205 : INFO : EventManager : Event: ======'machine_var_master_volume'====== Args={'value': 0.5, 'prev_value': None, 'change': True}
2022-02-15 16:06:48,243 : INFO : EventManager : Event: ======'init_phase_4'====== Args={}
2022-02-15 16:06:48,243 : INFO : EventManager : Event: ======'playfield_active'====== Args={}
2022-02-15 16:06:48,243 : INFO : EventManager : Event: ======'unexpected_ball_on_playfield'====== Args={}
2022-02-15 16:06:48,243 : INFO : EventManager : Event: ======'drop_target_l_fifth_down'====== Args={'device': <drop_target.l_fifth>}
2022-02-15 16:06:48,244 : INFO : EventManager : Event: ======'drop_target_bank_lower_bank_mixed'====== Args={'down': 1}
2022-02-15 16:06:48,246 : INFO : EventManager : Event: ======'machine_var_audits_switches_s_10_pt'====== Args={'value': 1389, 'prev_value': None, 'change': True}
2022-02-15 16:06:48,247 : INFO : EventManager : Event: ======'machine_var_audits_switches_s_behind_drops'====== Args={'value': 438, 'prev_value': None, 'change': True}
2022-02-15 16:06:48,247 : INFO : EventManager : Event: ======'machine_var_audits_switches_s_coin'====== Args={'value': 7, 'prev_value': None, 'change': True}
2022-02-15 16:06:48,248 : INFO : EventManager : Event: ======'machine_var_audits_switches_s_left_bumper'====== Args={'value': 700, 'prev_value': None, 'change': True}
2022-02-15 16:06:48,248 : INFO : EventManager : Event: ======'machine_var_audits_switches_s_left_drain_rollover'====== Args={'value': 37, 'prev_value': None, 'change': True}
2022-02-15 16:06:48,249 : INFO : EventManager : Event: ======'machine_var_audits_switches_s_left_flipper'====== Args={'value': 2207, 'prev_value': None, 'change': True}
2022-02-15 16:06:48,249 : INFO : EventManager : Event: ======'machine_var_audits_switches_s_left_lower_pf_rollover'====== Args={'value': 137, 'prev_value': None, 'change': True}
2022-02-15 16:06:48,250 : INFO : EventManager : Event: ======'machine_var_audits_switches_s_left_sling'====== Args={'value': 575, 'prev_value': None, 'change': True}
2022-02-15 16:06:48,251 : INFO : EventManager : Event: ======'machine_var_audits_switches_s_left_spinner'====== Args={'value': 687, 'prev_value': None, 'change': True}
2022-02-15 16:06:48,252 : INFO : EventManager : Event: ======'machine_var_audits_switches_s_left_upper_rollover'====== Args={'value': 214, 'prev_value': None, 'change': True}
2022-02-15 16:06:48,253 : INFO : EventManager : Event: ======'machine_var_audits_switches_s_lower_drop_1'====== Args={'value': 141, 'prev_value': None, 'change': True}
2022-02-15 16:06:48,254 : INFO : EventManager : Event: ======'machine_var_audits_switches_s_lower_drop_2'====== Args={'value': 143, 'prev_value': None, 'change': True}
2022-02-15 16:06:48,254 : INFO : EventManager : Event: ======'machine_var_audits_switches_s_lower_drop_3'====== Args={'value': 165, 'prev_value': None, 'change': True}
2022-02-15 16:06:48,255 : INFO : EventManager : Event: ======'machine_var_audits_switches_s_lower_drop_4'====== Args={'value': 166, 'prev_value': None, 'change': True}
2022-02-15 16:06:48,256 : INFO : EventManager : Event: ======'machine_var_audits_switches_s_lower_drop_5'====== Args={'value': 202, 'prev_value': None, 'change': True}
2022-02-15 16:06:48,256 : INFO : EventManager : Event: ======'machine_var_audits_switches_s_lower_inner_lane_rollover'====== Args={'value': 72, 'prev_value': None, 'change': True}
2022-02-15 16:06:48,257 : INFO : EventManager : Event: ======'machine_var_audits_switches_s_lower_left_target'====== Args={'value': 95, 'prev_value': None, 'change': True}
2022-02-15 16:06:48,258 : INFO : EventManager : Event: ======'machine_var_audits_switches_s_lower_middle_target'====== Args={'value': 72, 'prev_value': None, 'change': True}
2022-02-15 16:06:48,258 : INFO : EventManager : Event: ======'machine_var_audits_switches_s_outhole_kicker'====== Args={'value': 586, 'prev_value': None, 'change': True}
2022-02-15 16:06:48,259 : INFO : EventManager : Event: ======'machine_var_audits_switches_s_right_bumper'====== Args={'value': 456, 'prev_value': None, 'change': True}
2022-02-15 16:06:48,260 : INFO : EventManager : Event: ======'machine_var_audits_switches_s_right_drain_rollover'====== Args={'value': 30, 'prev_value': None, 'change': True}
2022-02-15 16:06:48,260 : INFO : EventManager : Event: ======'machine_var_audits_switches_s_right_flipper'====== Args={'value': 2319, 'prev_value': None, 'change': True}
2022-02-15 16:06:48,261 : INFO : EventManager : Event: ======'machine_var_audits_switches_s_right_lower_pf_rollover'====== Args={'value': 195, 'prev_value': None, 'change': True}
2022-02-15 16:06:48,262 : INFO : EventManager : Event: ======'machine_var_audits_switches_s_right_sling'====== Args={'value': 388, 'prev_value': None, 'change': True}
2022-02-15 16:06:48,263 : INFO : EventManager : Event: ======'machine_var_audits_switches_s_right_spinner'====== Args={'value': 688, 'prev_value': None, 'change': True}
2022-02-15 16:06:48,264 : INFO : EventManager : Event: ======'machine_var_audits_switches_s_right_upper_rollover'====== Args={'value': 203, 'prev_value': None, 'change': True}
2022-02-15 16:06:48,264 : INFO : EventManager : Event: ======'machine_var_audits_switches_s_rollthru_rollover'====== Args={'value': 49, 'prev_value': None, 'change': True}
2022-02-15 16:06:48,265 : INFO : EventManager : Event: ======'machine_var_audits_switches_s_service_credit'====== Args={'value': 27, 'prev_value': None, 'change': True}
2022-02-15 16:06:48,266 : INFO : EventManager : Event: ======'machine_var_audits_switches_s_service_down'====== Args={'value': 10, 'prev_value': None, 'change': True}
2022-02-15 16:06:48,267 : INFO : EventManager : Event: ======'machine_var_audits_switches_s_service_menu'====== Args={'value': 13, 'prev_value': None, 'change': True}
2022-02-15 16:06:48,267 : INFO : EventManager : Event: ======'machine_var_audits_switches_s_service_up'====== Args={'value': 10, 'prev_value': None, 'change': True}
2022-02-15 16:06:48,268 : INFO : EventManager : Event: ======'machine_var_audits_switches_s_start_button'====== Args={'value': 132, 'prev_value': None, 'change': True}
2022-02-15 16:06:48,269 : INFO : EventManager : Event: ======'machine_var_audits_switches_s_target_front_rollover'====== Args={'value': 64, 'prev_value': None, 'change': True}
2022-02-15 16:06:48,270 : INFO : EventManager : Event: ======'machine_var_audits_switches_s_test'====== Args={'value': 0, 'prev_value': None, 'change': True}
2022-02-15 16:06:48,270 : INFO : EventManager : Event: ======'machine_var_audits_switches_s_tilt_bob'====== Args={'value': 12, 'prev_value': None, 'change': True}
2022-02-15 16:06:48,271 : INFO : EventManager : Event: ======'machine_var_audits_switches_s_tilt_cab'====== Args={'value': 3, 'prev_value': None, 'change': True}
2022-02-15 16:06:48,272 : INFO : EventManager : Event: ======'machine_var_audits_switches_s_tilt_door_side'====== Args={'value': 0, 'prev_value': None, 'change': True}
2022-02-15 16:06:48,273 : INFO : EventManager : Event: ======'machine_var_audits_switches_s_upper_drop_1'====== Args={'value': 69, 'prev_value': None, 'change': True}
2022-02-15 16:06:48,274 : INFO : EventManager : Event: ======'machine_var_audits_switches_s_upper_drop_2'====== Args={'value': 93, 'prev_value': None, 'change': True}
2022-02-15 16:06:48,275 : INFO : EventManager : Event: ======'machine_var_audits_switches_s_upper_drop_3'====== Args={'value': 98, 'prev_value': None, 'change': True}
2022-02-15 16:06:48,275 : INFO : EventManager : Event: ======'machine_var_audits_switches_s_upper_drop_4'====== Args={'value': 104, 'prev_value': None, 'change': True}
2022-02-15 16:06:48,276 : INFO : EventManager : Event: ======'machine_var_audits_switches_s_upper_drop_5'====== Args={'value': 104, 'prev_value': None, 'change': True}
2022-02-15 16:06:48,277 : INFO : EventManager : Event: ======'machine_var_audits_switches_s_upper_left_target'====== Args={'value': 31, 'prev_value': None, 'change': True}
2022-02-15 16:06:48,277 : INFO : EventManager : Event: ======'machine_var_audits_switches_s_upper_right_target'====== Args={'value': 21, 'prev_value': None, 'change': True}
2022-02-15 16:06:48,278 : INFO : EventManager : Event: ======'machine_var_audits_switches_s_volume_down'====== Args={'value': 0, 'prev_value': None, 'change': True}
2022-02-15 16:06:48,279 : INFO : EventManager : Event: ======'machine_var_audits_switches_s_volume_up'====== Args={'value': 0, 'prev_value': None, 'change': True}
2022-02-15 16:06:48,281 : INFO : EventManager : Event: ======'init_phase_5'====== Args={}
2022-02-15 16:06:48,294 : INFO : EventManager : Event: ======'init_done'====== Args={}
2022-02-15 16:06:48,294 : INFO : EventManager : Event: ======'machine_reset_phase_1'====== Args={}
2022-02-15 16:06:48,308 : INFO : EventManager : Event: ======'machine_reset_phase_2'====== Args={}
2022-02-15 16:06:48,308 : INFO : EventManager : Event: ======'machine_reset_phase_3'====== Args={}
2022-02-15 16:06:48,308 : INFO : EventManager : Event: ======'mode_tilt_will_start'====== Args={'queue': <QueuedEvent>}
2022-02-15 16:06:48,310 : INFO : EventManager : Event: ======'mode_tilt_starting'====== Args={'queue': <QueuedEvent>}
2022-02-15 16:06:48,311 : INFO : drop_target_bank.upper_bank : All targets are already up. Will not reset bank.
2022-02-15 16:06:48,311 : INFO : drop_target_bank.lower_bank : 1 targets are down. Will reset those.
2022-02-15 16:06:48,312 : INFO : coil.c_left_drop_reset : Pulsing Driver for 50ms (1.0 pulse_power)
2022-02-15 16:06:48,312 : INFO : Mode.tilt : Started. Priority: 1000000
2022-02-15 16:06:48,313 : INFO : EventManager : Event: ======'modes_active_modes_changed'====== Args={}
2022-02-15 16:06:48,313 : INFO : EventManager : Event: ======'mode_tilt_started'====== Args={'queue': <QueuedEvent>}
2022-02-15 16:06:48,314 : INFO : EventManager : Event: ======'reset_complete'====== Args={}
2022-02-15 16:06:48,315 : INFO : EventManager : Event: ======'mode_service_will_start'====== Args={}
2022-02-15 16:06:48,320 : INFO : EventManager : Event: ======'mode_service_starting'====== Args={}
2022-02-15 16:06:48,321 : INFO : EventManager : Event: ======'mode_attract_will_start'====== Args={}
2022-02-15 16:06:48,322 : INFO : EventManager : Event: ======'mode_attract_starting'====== Args={}
2022-02-15 16:06:48,322 : INFO : Mode.attract : Started. Priority: 10
2022-02-15 16:06:48,322 : INFO : EventManager : Event: ======'modes_active_modes_changed'====== Args={}
2022-02-15 16:06:48,322 : INFO : EventManager : Event: ======'mode_attract_started'====== Args={}
2022-02-15 16:06:48,327 : INFO : EventManager : Event: ======'collecting_balls_complete'====== Args={}
2022-02-15 16:06:48,328 : INFO : Mode.service : Started. Priority: 100000
2022-02-15 16:06:48,328 : INFO : EventManager : Event: ======'modes_active_modes_changed'====== Args={}
2022-02-15 16:06:48,328 : INFO : EventManager : Event: ======'mode_service_started'====== Args={}
2022-02-15 16:06:48,345 : INFO : Machine : Starting the main run loop.
2022-02-15 16:06:48,346 : INFO : SwitchController : <<<<<<< 's_lower_drop_5' inactive >>>>>>>
2022-02-15 16:06:48,391 : INFO : EventManager : Event: ======'slide_show_high_scores_created'====== Args={'_from_bcp': True}
2022-02-15 16:06:48,432 : INFO : EventManager : Event: ======'slide_show_high_scores_active'====== Args={'_from_bcp': True}
2022-02-15 16:06:48,812 : INFO : EventManager : Event: ======'drop_target_l_fifth_up'====== Args={'device': <drop_target.l_fifth>}
2022-02-15 16:06:48,813 : INFO : EventManager : Event: ======'restore'====== Args={}
2022-02-15 16:06:48,813 : INFO : EventManager : Event: ======'drop_target_bank_lower_bank_up'====== Args={}
2022-02-15 16:06:48,911 : INFO : SwitchController : <<<<<<< 's_start_button' active >>>>>>>
2022-02-15 16:06:49,144 : INFO : SwitchController : <<<<<<< 's_start_button' inactive >>>>>>>
2022-02-15 16:06:49,145 : INFO : EventManager : Event: ======'request_to_start_game'====== Args={}
2022-02-15 16:06:49,145 : INFO : BallController : bd_drain contains 0 balls. Tags ['drain', 'home', 'trough']
2022-02-15 16:06:49,146 : INFO : BallController : playfield contains 0 balls. Tags ['default']
2022-02-15 16:06:49,146 : WARNING : BallController : BallController denies game start. Not enough balls. 0 found. 1 required
2022-02-15 16:06:51,532 : INFO : SwitchController : <<<<<<< 's_outhole_kicker' active >>>>>>>
2022-02-15 16:06:51,542 : INFO : SwitchController : <<<<<<< 's_outhole_kicker' inactive >>>>>>>
2022-02-15 16:06:51,666 : INFO : SwitchController : <<<<<<< 's_outhole_kicker' active >>>>>>>
2022-02-15 16:06:51,695 : INFO : SwitchController : <<<<<<< 's_outhole_kicker' inactive >>>>>>>
2022-02-15 16:06:51,782 : INFO : SwitchController : <<<<<<< 's_outhole_kicker' active >>>>>>>
2022-02-15 16:06:52,283 : INFO : EventManager : Event: ======'balldevice_bd_drain_ball_count_changed'====== Args={'balls': 1}
2022-02-15 16:06:52,283 : INFO : ball_device.bd_drain : Received unexpected ball
2022-02-15 16:06:52,284 : INFO : EventManager : Event: ======'balldevice_captured_from_playfield'====== Args={'balls': 1}
2022-02-15 16:06:52,284 : INFO : EventManager : Event: ======'sw_playfield_active'====== Args={'balls': 1}
2022-02-15 16:06:52,284 : INFO : EventManager : Event: ======'playfield_active'====== Args={}
2022-02-15 16:06:52,284 : INFO : EventManager : Event: ======'unexpected_ball_on_playfield'====== Args={}
2022-02-15 16:06:52,284 : INFO : EventManager : Event: ======'playfield_ball_count_change'====== Args={'balls': -1, 'change': -1}
2022-02-15 16:06:52,285 : INFO : EventManager : Event: ======'balldevice_playfield_ball_enter'====== Args={'new_balls': 1, 'unclaimed_balls': 1, 'device': <playfield.playfield>}
2022-02-15 16:06:52,285 : INFO : EventManager : Event: ======'playfield_ball_count_change'====== Args={'balls': 0, 'change': 1}
2022-02-15 16:06:52,285 : INFO : BallController : Found a new ball which was captured from playfield. Known balls: 1
2022-02-15 16:06:52,286 : INFO : EventManager : Event: ======'found_new_ball'====== Args={}
2022-02-15 16:06:52,286 : INFO : EventManager : Event: ======'balldevice_bd_drain_ball_enter'====== Args={'new_balls': 1, 'unclaimed_balls': 1, 'new_available_balls': 1, 'device': <ball_device.bd_drain>}
2022-02-15 16:06:52,286 : INFO : EventManager : Event: ======'ball_drain'====== Args={'device': <ball_device.bd_drain>, 'balls': 1}
2022-02-15 16:06:52,287 : INFO : EventManager : Event: ======'balldevice_balls_available'====== Args={}
2022-02-15 16:06:52,287 : INFO : EventManager : Event: ======'balldevice_bd_drain_ball_entered'====== Args={'new_balls': 1, 'device': <ball_device.bd_drain>}
2022-02-15 16:06:52,354 : INFO : SwitchController : <<<<<<< 's_start_button' active >>>>>>>
2022-02-15 16:06:52,546 : INFO : SwitchController : <<<<<<< 's_start_button' inactive >>>>>>>
2022-02-15 16:06:52,546 : INFO : EventManager : Event: ======'request_to_start_game'====== Args={}
2022-02-15 16:06:52,547 : INFO : EventManager : Event: ======'game_start'====== Args={'buttons': [], 'hold_time': 0.1916679280000153}
2022-02-15 16:06:52,547 : INFO : EventManager : Event: ======'mode_game_will_start'====== Args={'buttons': [], 'hold_time': 0.1916679280000153}
2022-02-15 16:06:52,549 : INFO : EventManager : Event: ======'mode_game_starting'====== Args={'buttons': [], 'hold_time': 0.1916679280000153}
2022-02-15 16:06:52,549 : INFO : EventManager : Event: ======'mode_attract_will_stop'====== Args={}
2022-02-15 16:06:52,549 : INFO : EventManager : Event: ======'mode_attract_stopping'====== Args={}
2022-02-15 16:06:52,549 : INFO : Mode.attract : Stopped.
2022-02-15 16:06:52,549 : INFO : EventManager : Event: ======'modes_active_modes_changed'====== Args={}
2022-02-15 16:06:52,555 : INFO : EventManager : Event: ======'mode_attract_stopped'====== Args={}
2022-02-15 16:06:52,555 : INFO : EventManager : Event: ======'clear'====== Args={'key': 'attract'}
2022-02-15 16:06:52,556 : INFO : Mode.game : Started. Priority: 20
2022-02-15 16:06:52,556 : INFO : EventManager : Event: ======'modes_active_modes_changed'====== Args={}
2022-02-15 16:06:52,556 : INFO : EventManager : Event: ======'mode_game_started'====== Args={'buttons': [], 'hold_time': 0.1916679280000153}
2022-02-15 16:06:52,557 : INFO : EventManager : Event: ======'game_will_start'====== Args={}
2022-02-15 16:06:52,572 : INFO : EventManager : Event: ======'game_starting'====== Args={'game': <Mode.game>}
2022-02-15 16:06:52,573 : INFO : EventManager : Event: ======'player_add_request'====== Args={}
2022-02-15 16:06:52,573 : INFO : EventManager : Event: ======'player_will_add'====== Args={'number': 1}
2022-02-15 16:06:52,574 : INFO : EventManager : Event: ======'player_adding'====== Args={'player': <Player 1>, 'number': 1}
2022-02-15 16:06:52,574 : INFO : EventManager : Event: ======'player_added'====== Args={'player': <Player 1>, 'num': 1}
2022-02-15 16:06:52,574 : INFO : Mode.game : Player added successfully. Total players: 1
2022-02-15 16:06:52,575 : INFO : EventManager : Event: ======'player_index'====== Args={'value': 0, 'prev_value': 0, 'change': 0, 'player_num': 1}
2022-02-15 16:06:52,575 : INFO : EventManager : Event: ======'player_number'====== Args={'value': 1, 'prev_value': 1, 'change': 0, 'player_num': 1}
2022-02-15 16:06:52,576 : INFO : EventManager : Event: ======'player_current_mode'====== Args={'value': 'Landing', 'prev_value': 'Landing', 'change': False, 'player_num': 1}
2022-02-15 16:06:52,576 : INFO : EventManager : Event: ======'player_left_bumper_hits'====== Args={'value': 0, 'prev_value': 0, 'change': 0, 'player_num': 1}
2022-02-15 16:06:52,577 : INFO : EventManager : Event: ======'player_right_bumper_hits'====== Args={'value': 0, 'prev_value': 0, 'change': 0, 'player_num': 1}
2022-02-15 16:06:52,577 : INFO : EventManager : Event: ======'player_total_bumper_hits'====== Args={'value': 0, 'prev_value': 0, 'change': 0, 'player_num': 1}
2022-02-15 16:06:52,577 : INFO : EventManager : Event: ======'player_left_spinner_hits'====== Args={'value': 0, 'prev_value': 0, 'change': 0, 'player_num': 1}
2022-02-15 16:06:52,578 : INFO : EventManager : Event: ======'player_right_spinner_hits'====== Args={'value': 0, 'prev_value': 0, 'change': 0, 'player_num': 1}
2022-02-15 16:06:52,578 : INFO : EventManager : Event: ======'player_total_spinner_hits'====== Args={'value': 0, 'prev_value': 0, 'change': 0, 'player_num': 1}
2022-02-15 16:06:52,578 : INFO : EventManager : Event: ======'player_top_drop_complete'====== Args={'value': 0, 'prev_value': 0, 'change': 0, 'player_num': 1}
2022-02-15 16:06:52,579 : INFO : EventManager : Event: ======'player_b_drop_complete'====== Args={'value': 0, 'prev_value': 0, 'change': 0, 'player_num': 1}
2022-02-15 16:06:52,579 : INFO : EventManager : Event: ======'player_total_drop_complete'====== Args={'value': 0, 'prev_value': 0, 'change': 0, 'player_num': 1}
2022-02-15 16:06:52,581 : INFO : EventManager : Event: ======'player_playfield_bonus'====== Args={'value': 0, 'prev_value': 0, 'change': 0, 'player_num': 1}
2022-02-15 16:06:52,583 : INFO : EventManager : Event: ======'player_playfield_multiplier'====== Args={'value': 1, 'prev_value': 1, 'change': 0, 'player_num': 1}
2022-02-15 16:06:52,584 : INFO : EventManager : Event: ======'player_score'====== Args={'value': 0, 'prev_value': 0, 'change': 0, 'player_num': 1}
2022-02-15 16:06:52,585 : INFO : EventManager : Event: ======'game_started'====== Args={}
2022-02-15 16:06:52,586 : INFO : EventManager : Event: ======'player_turn_will_start'====== Args={'player': <Player 1>, 'number': 1}
2022-02-15 16:06:52,586 : INFO : EventManager : Event: ======'slide_show_high_scores_removed'====== Args={'_from_bcp': True}
2022-02-15 16:06:52,586 : INFO : EventManager : Event: ======'slide_window_blank_active'====== Args={'_from_bcp': True}
2022-02-15 16:06:52,587 : INFO : EventManager : Event: ======'player_turn_starting'====== Args={'player': <Player 1>, 'number': 1}
2022-02-15 16:06:52,588 : INFO : EventManager : Event: ======'player_ball'====== Args={'value': 1, 'prev_value': 0, 'change': 1, 'player_num': 1}
2022-02-15 16:06:52,588 : INFO : EventManager : Event: ======'player_turn_started'====== Args={'player': <Player 1>, 'number': 1}
2022-02-15 16:06:52,590 : INFO : EventManager : Event: ======'ball_will_start'====== Args={'player': 1, 'ball': 1, 'balls_remaining': 2, 'is_extra_ball': False}
2022-02-15 16:06:52,590 : INFO : EventManager : Event: ======'ball_starting'====== Args={'player': 1, 'ball': 1, 'balls_remaining': 2, 'is_extra_ball': False}
2022-02-15 16:06:52,591 : INFO : drop_target_bank.upper_bank : All targets are already up. Will not reset bank.
2022-02-15 16:06:52,591 : INFO : drop_target_bank.lower_bank : All targets are already up. Will not reset bank.
2022-02-15 16:06:52,591 : INFO : EventManager : Event: ======'balls_in_play'====== Args={'balls': 1}
2022-02-15 16:06:52,592 : INFO : EventManager : Event: ======'ball_started'====== Args={'player': 1, 'ball': 1, 'balls_remaining': 2, 'is_extra_ball': False}
2022-02-15 16:06:52,592 : INFO : EventManager : Event: ======'mode_base_will_start'====== Args={'player': 1, 'ball': 1, 'balls_remaining': 2, 'is_extra_ball': False}
2022-02-15 16:06:52,601 : INFO : EventManager : Event: ======'mode_base_starting'====== Args={'player': 1, 'ball': 1, 'balls_remaining': 2, 'is_extra_ball': False}
2022-02-15 16:06:52,603 : INFO : Mode.base : Started. Priority: 100
2022-02-15 16:06:52,603 : INFO : EventManager : Event: ======'modes_active_modes_changed'====== Args={}
2022-02-15 16:06:52,603 : INFO : EventManager : Event: ======'mode_base_started'====== Args={'player': 1, 'ball': 1, 'balls_remaining': 2, 'is_extra_ball': False}
2022-02-15 16:06:52,604 : INFO : EventManager : Event: ======'ball_save_ball_save_ball_save_enabled'====== Args={}
2022-02-15 16:06:52,605 : INFO : EventManager : Event: ======'single_player_ball_started'====== Args={}
2022-02-15 16:06:52,623 : INFO : ball_device.bd_drain : Setting up player-controlled eject. Balls: 1, Target: <playfield.playfield>, player_controlled_eject_event: None
2022-02-15 16:06:52,623 : INFO : ball_device.bd_drain : Adding 1 ball(s) to the eject_queue with target <playfield.playfield>.
2022-02-15 16:06:52,623 : INFO : EventManager : Event: ======'balldevice_balls_available'====== Args={}
2022-02-15 16:06:52,625 : INFO : ball_device.bd_drain : State: waiting_for_target_ready
2022-02-15 16:06:52,625 : INFO : EventManager : Event: ======'balldevice_bd_drain_ball_eject_attempt'====== Args={'balls': 1, 'target': <playfield.playfield>, 'source': <ball_device.bd_drain>, 'mechanical_eject': False, 'num_attempts': 0}
2022-02-15 16:06:52,626 : INFO : ball_device.bd_drain : State: ejecting
2022-02-15 16:06:52,626 : INFO : ball_device.bd_drain : Ejecting ball to <playfield.playfield>
2022-02-15 16:06:52,626 : INFO : EventManager : Event: ======'balldevice_bd_drain_ejecting_ball'====== Args={'balls': 1, 'target': <playfield.playfield>, 'source': <ball_device.bd_drain>, 'mechanical_eject': False, 'num_attempts': 0}
2022-02-15 16:06:52,627 : INFO : ball_device.bd_drain : Wait for ball to leave device
2022-02-15 16:06:52,628 : INFO : coil.c_ball_eject : Pulsing Driver for 50ms (1.0 pulse_power)
2022-02-15 16:06:52,634 : INFO : EventManager : Event: ======'slide_base.slide_player-mode_base_started_created'====== Args={'_from_bcp': True}
2022-02-15 16:06:52,658 : INFO : SwitchController : <<<<<<< 's_outhole_kicker' inactive >>>>>>>
2022-02-15 16:06:52,659 : INFO : ball_device.bd_drain : State: ball_left
2022-02-15 16:06:52,659 : INFO : ball_device.bd_drain : Ball left
2022-02-15 16:06:52,659 : INFO : ball_device.bd_drain : Wait for confirm with timeout 3.0
2022-02-15 16:06:54,089 : INFO : EventManager : Event: ======'slide_base.slide_player-mode_base_started_active'====== Args={'_from_bcp': True}
2022-02-15 16:06:55,662 : INFO : ball_device.bd_drain : State: failed_confirm
2022-02-15 16:06:55,662 : INFO : ball_device.bd_drain : Got timeout (3.0s) before confirm from <playfield.playfield>
2022-02-15 16:06:55,763 : INFO : ball_device.bd_drain : Confirming eject because target is playfield and ball did not return.
2022-02-15 16:06:55,764 : INFO : ball_device.bd_drain : Eject successful
2022-02-15 16:06:55,764 : INFO : EventManager : Event: ======'balldevice_bd_drain_ball_eject_success'====== Args={'balls': 1, 'target': <playfield.playfield>}
2022-02-15 16:06:55,764 : INFO : EventManager : Event: ======'balldevice_playfield_ball_enter'====== Args={'new_balls': 1, 'unclaimed_balls': 1, 'device': <playfield.playfield>}
2022-02-15 16:06:55,764 : INFO : EventManager : Event: ======'playfield_ball_count_change'====== Args={'balls': 1, 'change': 1}
2022-02-15 16:06:55,765 : INFO : EventManager : Event: ======'balldevice_bd_drain_ball_count_changed'====== Args={'balls': 0}
2022-02-15 16:06:55,765 : INFO : ball_device.bd_drain : State: idle
2022-02-15 16:06:59,800 : INFO : SwitchController : <<<<<<< 's_lower_drop_5' active >>>>>>>
2022-02-15 16:06:59,800 : INFO : EventManager : Event: ======'s_lower_drop_5_active'====== Args={}
2022-02-15 16:06:59,801 : INFO : EventManager : Event: ======'sw_drop_target_active'====== Args={}
2022-02-15 16:06:59,801 : INFO : EventManager : Event: ======'drop_target_l_fifth_down'====== Args={'device': <drop_target.l_fifth>}
2022-02-15 16:06:59,801 : INFO : EventManager : Event: ======'drop_target_bank_lower_bank_mixed'====== Args={'down': 1}
2022-02-15 16:06:59,801 : INFO : EventManager : Event: ======'machine_var_audits_switches_s_lower_drop_5'====== Args={'value': 203, 'prev_value': 202, 'change': 1}
2022-02-15 16:06:59,804 : INFO : EventManager : Event: ======'player_score'====== Args={'value': 500, 'prev_value': 0, 'change': 500, 'player_num': 1}
2022-02-15 16:07:00,429 : INFO : SwitchController : <<<<<<< 's_lower_drop_4' active >>>>>>>
2022-02-15 16:07:00,430 : INFO : EventManager : Event: ======'s_lower_drop_4_active'====== Args={}
2022-02-15 16:07:00,430 : INFO : EventManager : Event: ======'sw_drop_target_active'====== Args={}
2022-02-15 16:07:00,430 : INFO : EventManager : Event: ======'drop_target_l_fourth_down'====== Args={'device': <drop_target.l_fourth>}
2022-02-15 16:07:00,430 : INFO : EventManager : Event: ======'drop_target_bank_lower_bank_mixed'====== Args={'down': 2}
2022-02-15 16:07:00,431 : INFO : EventManager : Event: ======'machine_var_audits_switches_s_lower_drop_4'====== Args={'value': 167, 'prev_value': 166, 'change': 1}
2022-02-15 16:07:00,433 : INFO : EventManager : Event: ======'player_score'====== Args={'value': 1000, 'prev_value': 500, 'change': 500, 'player_num': 1}
2022-02-15 16:07:01,081 : INFO : SwitchController : <<<<<<< 's_lower_drop_3' active >>>>>>>
2022-02-15 16:07:01,081 : INFO : EventManager : Event: ======'s_lower_drop_3_active'====== Args={}
2022-02-15 16:07:01,082 : INFO : EventManager : Event: ======'sw_drop_target_active'====== Args={}
2022-02-15 16:07:01,082 : INFO : EventManager : Event: ======'drop_target_l_third_down'====== Args={'device': <drop_target.l_third>}
2022-02-15 16:07:01,082 : INFO : EventManager : Event: ======'drop_target_bank_lower_bank_mixed'====== Args={'down': 3}
2022-02-15 16:07:01,083 : INFO : EventManager : Event: ======'machine_var_audits_switches_s_lower_drop_3'====== Args={'value': 166, 'prev_value': 165, 'change': 1}
2022-02-15 16:07:01,085 : INFO : EventManager : Event: ======'player_score'====== Args={'value': 1500, 'prev_value': 1000, 'change': 500, 'player_num': 1}
2022-02-15 16:07:01,752 : INFO : SwitchController : <<<<<<< 's_lower_drop_2' active >>>>>>>
2022-02-15 16:07:01,752 : INFO : EventManager : Event: ======'s_lower_drop_2_active'====== Args={}
2022-02-15 16:07:01,752 : INFO : EventManager : Event: ======'sw_drop_target_active'====== Args={}
2022-02-15 16:07:01,752 : INFO : EventManager : Event: ======'drop_target_l_second_down'====== Args={'device': <drop_target.l_second>}
2022-02-15 16:07:01,753 : INFO : EventManager : Event: ======'drop_target_bank_lower_bank_mixed'====== Args={'down': 4}
2022-02-15 16:07:01,753 : INFO : EventManager : Event: ======'machine_var_audits_switches_s_lower_drop_2'====== Args={'value': 144, 'prev_value': 143, 'change': 1}
2022-02-15 16:07:01,754 : INFO : EventManager : Event: ======'player_score'====== Args={'value': 2000, 'prev_value': 1500, 'change': 500, 'player_num': 1}
2022-02-15 16:07:02,406 : INFO : SwitchController : <<<<<<< 's_lower_drop_1' active >>>>>>>
2022-02-15 16:07:02,407 : INFO : EventManager : Event: ======'s_lower_drop_1_active'====== Args={}
2022-02-15 16:07:02,407 : INFO : EventManager : Event: ======'sw_drop_target_active'====== Args={}
2022-02-15 16:07:02,407 : INFO : EventManager : Event: ======'drop_target_l_first_down'====== Args={'device': <drop_target.l_first>}
2022-02-15 16:07:02,408 : INFO : EventManager : Event: ======'drop_target_bank_lower_bank_down'====== Args={}
2022-02-15 16:07:02,408 : INFO : EventManager : Event: ======'machine_var_audits_switches_s_lower_drop_1'====== Args={'value': 142, 'prev_value': 141, 'change': 1}
2022-02-15 16:07:02,411 : INFO : EventManager : Event: ======'player_score'====== Args={'value': 2500, 'prev_value': 2000, 'change': 500, 'player_num': 1}
2022-02-15 16:07:02,412 : INFO : EventManager : Event: ======'mode_bottom_drop_complete_will_start'====== Args={}
2022-02-15 16:07:02,413 : INFO : EventManager : Event: ======'mode_bottom_drop_complete_starting'====== Args={}
2022-02-15 16:07:02,413 : INFO : EventManager : Event: ======'player_b_drop_complete'====== Args={'value': 1, 'prev_value': 0, 'change': 1, 'player_num': 1}
2022-02-15 16:07:02,414 : INFO : Mode.bottom_drop_complete : Started. Priority: 500
2022-02-15 16:07:02,414 : INFO : EventManager : Event: ======'modes_active_modes_changed'====== Args={}
2022-02-15 16:07:02,414 : INFO : EventManager : Event: ======'mode_bottom_drop_complete_started'====== Args={}
2022-02-15 16:07:05,409 : INFO : drop_target_bank.lower_bank : 5 targets are down. Will reset those.
2022-02-15 16:07:05,410 : INFO : coil.c_left_drop_reset : Pulsing Driver for 50ms (1.0 pulse_power)
2022-02-15 16:07:05,435 : INFO : SwitchController : <<<<<<< 's_lower_drop_1' inactive >>>>>>>
2022-02-15 16:07:05,435 : INFO : SwitchController : <<<<<<< 's_lower_drop_2' inactive >>>>>>>
2022-02-15 16:07:05,435 : INFO : SwitchController : <<<<<<< 's_lower_drop_3' inactive >>>>>>>
2022-02-15 16:07:05,436 : INFO : SwitchController : <<<<<<< 's_lower_drop_4' inactive >>>>>>>
2022-02-15 16:07:05,436 : INFO : SwitchController : <<<<<<< 's_lower_drop_5' inactive >>>>>>>
2022-02-15 16:07:05,910 : INFO : EventManager : Event: ======'drop_target_l_first_up'====== Args={'device': <drop_target.l_first>}
2022-02-15 16:07:05,911 : INFO : EventManager : Event: ======'drop_target_l_second_up'====== Args={'device': <drop_target.l_second>}
2022-02-15 16:07:05,911 : INFO : EventManager : Event: ======'drop_target_l_third_up'====== Args={'device': <drop_target.l_third>}
2022-02-15 16:07:05,911 : INFO : EventManager : Event: ======'drop_target_l_fourth_up'====== Args={'device': <drop_target.l_fourth>}
2022-02-15 16:07:05,911 : INFO : EventManager : Event: ======'drop_target_l_fifth_up'====== Args={'device': <drop_target.l_fifth>}
2022-02-15 16:07:05,912 : INFO : EventManager : Event: ======'restore'====== Args={}
2022-02-15 16:07:05,912 : INFO : EventManager : Event: ======'drop_target_bank_lower_bank_up'====== Args={}
2022-02-15 16:07:05,912 : INFO : EventManager : Event: ======'mode_bottom_drop_complete_will_stop'====== Args={}
2022-02-15 16:07:05,912 : INFO : EventManager : Event: ======'mode_bottom_drop_complete_stopping'====== Args={}
2022-02-15 16:07:05,914 : INFO : Mode.bottom_drop_complete : Stopped.
2022-02-15 16:07:05,914 : INFO : EventManager : Event: ======'modes_active_modes_changed'====== Args={}
2022-02-15 16:07:05,915 : INFO : EventManager : Event: ======'mode_bottom_drop_complete_stopped'====== Args={}
2022-02-15 16:07:05,916 : INFO : EventManager : Event: ======'clear'====== Args={'key': 'bottom_drop_complete'}
2022-02-15 16:07:06,590 : INFO : SwitchController : <<<<<<< 's_lower_drop_5' active >>>>>>>
2022-02-15 16:07:06,590 : INFO : EventManager : Event: ======'s_lower_drop_5_active'====== Args={}
2022-02-15 16:07:06,590 : INFO : EventManager : Event: ======'sw_drop_target_active'====== Args={}
2022-02-15 16:07:06,591 : INFO : EventManager : Event: ======'drop_target_l_fifth_down'====== Args={'device': <drop_target.l_fifth>}
2022-02-15 16:07:06,591 : INFO : EventManager : Event: ======'drop_target_bank_lower_bank_mixed'====== Args={'down': 1}
2022-02-15 16:07:06,591 : INFO : EventManager : Event: ======'machine_var_audits_switches_s_lower_drop_5'====== Args={'value': 204, 'prev_value': 203, 'change': 1}
2022-02-15 16:07:06,594 : INFO : EventManager : Event: ======'player_score'====== Args={'value': 3000, 'prev_value': 2500, 'change': 500, 'player_num': 1}
2022-02-15 16:07:07,342 : INFO : SwitchController : <<<<<<< 's_lower_drop_4' active >>>>>>>
2022-02-15 16:07:07,342 : INFO : EventManager : Event: ======'s_lower_drop_4_active'====== Args={}
2022-02-15 16:07:07,342 : INFO : EventManager : Event: ======'sw_drop_target_active'====== Args={}
2022-02-15 16:07:07,343 : INFO : EventManager : Event: ======'drop_target_l_fourth_down'====== Args={'device': <drop_target.l_fourth>}
2022-02-15 16:07:07,343 : INFO : EventManager : Event: ======'drop_target_bank_lower_bank_mixed'====== Args={'down': 2}
2022-02-15 16:07:07,343 : INFO : EventManager : Event: ======'machine_var_audits_switches_s_lower_drop_4'====== Args={'value': 168, 'prev_value': 167, 'change': 1}
2022-02-15 16:07:07,346 : INFO : EventManager : Event: ======'player_score'====== Args={'value': 3500, 'prev_value': 3000, 'change': 500, 'player_num': 1}
2022-02-15 16:07:07,353 : INFO : SwitchController : <<<<<<< 's_lower_drop_4' inactive >>>>>>>
2022-02-15 16:07:07,353 : INFO : EventManager : Event: ======'drop_target_l_fourth_up'====== Args={'device': <drop_target.l_fourth>}
2022-02-15 16:07:07,354 : INFO : EventManager : Event: ======'drop_target_bank_lower_bank_mixed'====== Args={'down': 1}
2022-02-15 16:07:07,373 : INFO : SwitchController : <<<<<<< 's_lower_drop_4' active >>>>>>>
2022-02-15 16:07:07,374 : INFO : EventManager : Event: ======'s_lower_drop_4_active'====== Args={}
2022-02-15 16:07:07,374 : INFO : EventManager : Event: ======'sw_drop_target_active'====== Args={}
2022-02-15 16:07:07,374 : INFO : EventManager : Event: ======'drop_target_l_fourth_down'====== Args={'device': <drop_target.l_fourth>}
2022-02-15 16:07:07,374 : INFO : EventManager : Event: ======'drop_target_bank_lower_bank_mixed'====== Args={'down': 2}
2022-02-15 16:07:07,374 : INFO : EventManager : Event: ======'machine_var_audits_switches_s_lower_drop_4'====== Args={'value': 169, 'prev_value': 168, 'change': 1}
2022-02-15 16:07:07,376 : INFO : EventManager : Event: ======'player_score'====== Args={'value': 4000, 'prev_value': 3500, 'change': 500, 'player_num': 1}
2022-02-15 16:07:07,963 : INFO : SwitchController : <<<<<<< 's_lower_drop_3' active >>>>>>>
2022-02-15 16:07:07,963 : INFO : EventManager : Event: ======'s_lower_drop_3_active'====== Args={}
2022-02-15 16:07:07,963 : INFO : EventManager : Event: ======'sw_drop_target_active'====== Args={}
2022-02-15 16:07:07,963 : INFO : EventManager : Event: ======'drop_target_l_third_down'====== Args={'device': <drop_target.l_third>}
2022-02-15 16:07:07,964 : INFO : EventManager : Event: ======'drop_target_bank_lower_bank_mixed'====== Args={'down': 3}
2022-02-15 16:07:07,964 : INFO : EventManager : Event: ======'machine_var_audits_switches_s_lower_drop_3'====== Args={'value': 167, 'prev_value': 166, 'change': 1}
2022-02-15 16:07:07,966 : INFO : EventManager : Event: ======'player_score'====== Args={'value': 4500, 'prev_value': 4000, 'change': 500, 'player_num': 1}
2022-02-15 16:07:08,611 : INFO : SwitchController : <<<<<<< 's_lower_drop_2' active >>>>>>>
2022-02-15 16:07:08,611 : INFO : EventManager : Event: ======'s_lower_drop_2_active'====== Args={}
2022-02-15 16:07:08,611 : INFO : EventManager : Event: ======'sw_drop_target_active'====== Args={}
2022-02-15 16:07:08,612 : INFO : EventManager : Event: ======'drop_target_l_second_down'====== Args={'device': <drop_target.l_second>}
2022-02-15 16:07:08,612 : INFO : EventManager : Event: ======'drop_target_bank_lower_bank_mixed'====== Args={'down': 4}
2022-02-15 16:07:08,612 : INFO : EventManager : Event: ======'machine_var_audits_switches_s_lower_drop_2'====== Args={'value': 145, 'prev_value': 144, 'change': 1}
2022-02-15 16:07:08,615 : INFO : EventManager : Event: ======'player_score'====== Args={'value': 5000, 'prev_value': 4500, 'change': 500, 'player_num': 1}
2022-02-15 16:07:09,277 : INFO : SwitchController : <<<<<<< 's_lower_drop_1' active >>>>>>>
2022-02-15 16:07:09,277 : INFO : EventManager : Event: ======'s_lower_drop_1_active'====== Args={}
2022-02-15 16:07:09,277 : INFO : EventManager : Event: ======'sw_drop_target_active'====== Args={}
2022-02-15 16:07:09,278 : INFO : EventManager : Event: ======'drop_target_l_first_down'====== Args={'device': <drop_target.l_first>}
2022-02-15 16:07:09,278 : INFO : EventManager : Event: ======'drop_target_bank_lower_bank_down'====== Args={}
2022-02-15 16:07:09,279 : INFO : EventManager : Event: ======'machine_var_audits_switches_s_lower_drop_1'====== Args={'value': 143, 'prev_value': 142, 'change': 1}
2022-02-15 16:07:09,281 : INFO : EventManager : Event: ======'player_score'====== Args={'value': 5500, 'prev_value': 5000, 'change': 500, 'player_num': 1}
2022-02-15 16:07:09,283 : INFO : EventManager : Event: ======'mode_bottom_drop_complete_will_start'====== Args={}
2022-02-15 16:07:09,284 : INFO : EventManager : Event: ======'mode_bottom_drop_complete_starting'====== Args={}
2022-02-15 16:07:09,284 : INFO : EventManager : Event: ======'player_b_drop_complete'====== Args={'value': 2, 'prev_value': 1, 'change': 1, 'player_num': 1}
2022-02-15 16:07:09,285 : INFO : Mode.bottom_drop_complete : Started. Priority: 500
2022-02-15 16:07:09,285 : INFO : EventManager : Event: ======'modes_active_modes_changed'====== Args={}
2022-02-15 16:07:09,285 : INFO : EventManager : Event: ======'mode_bottom_drop_complete_started'====== Args={}
2022-02-15 16:07:12,279 : INFO : drop_target_bank.lower_bank : 5 targets are down. Will reset those.
2022-02-15 16:07:12,279 : INFO : coil.c_left_drop_reset : Pulsing Driver for 50ms (1.0 pulse_power)
2022-02-15 16:07:12,305 : INFO : SwitchController : <<<<<<< 's_lower_drop_1' inactive >>>>>>>
2022-02-15 16:07:12,305 : INFO : SwitchController : <<<<<<< 's_lower_drop_2' inactive >>>>>>>
2022-02-15 16:07:12,305 : INFO : SwitchController : <<<<<<< 's_lower_drop_3' inactive >>>>>>>
2022-02-15 16:07:12,306 : INFO : SwitchController : <<<<<<< 's_lower_drop_4' inactive >>>>>>>
2022-02-15 16:07:12,306 : INFO : SwitchController : <<<<<<< 's_lower_drop_5' inactive >>>>>>>
2022-02-15 16:07:12,780 : INFO : EventManager : Event: ======'drop_target_l_first_up'====== Args={'device': <drop_target.l_first>}
2022-02-15 16:07:12,780 : INFO : EventManager : Event: ======'drop_target_l_second_up'====== Args={'device': <drop_target.l_second>}
2022-02-15 16:07:12,780 : INFO : EventManager : Event: ======'drop_target_l_third_up'====== Args={'device': <drop_target.l_third>}
2022-02-15 16:07:12,781 : INFO : EventManager : Event: ======'drop_target_l_fourth_up'====== Args={'device': <drop_target.l_fourth>}
2022-02-15 16:07:12,781 : INFO : EventManager : Event: ======'drop_target_l_fifth_up'====== Args={'device': <drop_target.l_fifth>}
2022-02-15 16:07:12,781 : INFO : EventManager : Event: ======'restore'====== Args={}
2022-02-15 16:07:12,781 : INFO : EventManager : Event: ======'drop_target_bank_lower_bank_up'====== Args={}
2022-02-15 16:07:12,782 : INFO : EventManager : Event: ======'mode_bottom_drop_complete_will_stop'====== Args={}
2022-02-15 16:07:12,782 : INFO : EventManager : Event: ======'mode_bottom_drop_complete_stopping'====== Args={}
2022-02-15 16:07:12,782 : INFO : Mode.bottom_drop_complete : Stopped.
2022-02-15 16:07:12,783 : INFO : EventManager : Event: ======'modes_active_modes_changed'====== Args={}
2022-02-15 16:07:12,783 : INFO : EventManager : Event: ======'mode_bottom_drop_complete_stopped'====== Args={}
2022-02-15 16:07:12,783 : INFO : EventManager : Event: ======'clear'====== Args={'key': 'bottom_drop_complete'}
2022-02-15 16:07:13,037 : INFO : SwitchController : <<<<<<< 's_lower_drop_5' active >>>>>>>
2022-02-15 16:07:13,038 : INFO : EventManager : Event: ======'s_lower_drop_5_active'====== Args={}
2022-02-15 16:07:13,038 : INFO : EventManager : Event: ======'sw_drop_target_active'====== Args={}
2022-02-15 16:07:13,038 : INFO : EventManager : Event: ======'drop_target_l_fifth_down'====== Args={'device': <drop_target.l_fifth>}
2022-02-15 16:07:13,039 : INFO : EventManager : Event: ======'drop_target_bank_lower_bank_mixed'====== Args={'down': 1}
2022-02-15 16:07:13,039 : INFO : EventManager : Event: ======'machine_var_audits_switches_s_lower_drop_5'====== Args={'value': 205, 'prev_value': 204, 'change': 1}
2022-02-15 16:07:13,052 : INFO : EventManager : Event: ======'player_score'====== Args={'value': 6000, 'prev_value': 5500, 'change': 500, 'player_num': 1}
2022-02-15 16:07:15,133 : INFO : Machine : Shutting down...
2022-02-15 16:07:15,134 : INFO : EventManager : Event: ======'shutdown'====== Args={}
2022-02-15 16:07:15,134 : INFO : EventManager : Event: ======'mode_service_will_stop'====== Args={}
2022-02-15 16:07:15,134 : INFO : EventManager : Event: ======'mode_service_stopping'====== Args={}
2022-02-15 16:07:15,135 : INFO : Mode.service : Stopped.
2022-02-15 16:07:15,135 : INFO : EventManager : Event: ======'modes_active_modes_changed'====== Args={}
2022-02-15 16:07:15,136 : INFO : EventManager : Event: ======'mode_service_stopped'====== Args={}
2022-02-15 16:07:15,136 : INFO : EventManager : Event: ======'clear'====== Args={'key': 'service'}
2022-02-15 16:07:15,138 : ERROR : OPP : Stop called on serial connection /dev/ttyACM0
2022-02-15 16:07:15,138 : ERROR : OPP : Stop called on serial connection /dev/ttyACM2
2022-02-15 16:07:15,139 : ERROR : OPP : Stop called on serial connection /dev/ttyACM1
2022-02-15 16:07:15,180 : INFO : root : MPF run loop ended.
