2022-03-10 15:56:34,989 : INFO : root : Loading config.
2022-03-10 15:56:34,996 : INFO : YamlMultifileConfigLoader : Machine config file #1: config.yaml
2022-03-10 15:56:34,996 : INFO : ConfigProcessor : Loading config from cache: /tmp/150217bd52837713c6571329256ae1da.mpf_cache
2022-03-10 15:56:35,124 : INFO : ConfigProcessor : Loading config from cache: /tmp/372026300fa7ae80541ce92d15fa0e9d.mpf_cache
2022-03-10 15:56:35,125 : INFO : ConfigProcessor : Loading config from cache: /tmp/322f648e6e79f866241ec4c07c67c18b.mpf_cache
2022-03-10 15:56:35,125 : INFO : ConfigProcessor : Loading config from cache: /tmp/372026300fa7ae80541ce92d15fa0e9d.mpf_cache
2022-03-10 15:56:35,126 : WARNING : ConfigProcessor : Config file in cache changed: /home/mlatiolais/pinball/middle_earth/modes/base/config/base.yaml
2022-03-10 15:56:35,126 : INFO : ConfigProcessor : Loading config from file /home/mlatiolais/pinball/middle_earth/modes/base/config/base.yaml.
2022-03-10 15:56:35,275 : INFO : ConfigProcessor : Loading config: /home/mlatiolais/pinball/middle_earth/modes/base/config/base.yaml
2022-03-10 15:56:35,277 : INFO : ConfigProcessor : Config file cache created: /tmp/5f8a82683afea0fd22c589bb6b0736e3.mpf_cache
2022-03-10 15:56:35,277 : INFO : ConfigProcessor : Loading config from cache: /tmp/b6540ef4accf248f985af045cc9b78b2.mpf_cache
2022-03-10 15:56:35,278 : INFO : ConfigProcessor : Loading config from cache: /tmp/0404db4da0c76adbd88d369c7d5f3eb2.mpf_cache
2022-03-10 15:56:35,278 : INFO : ConfigProcessor : Loading config from cache: /tmp/d9e65f9eed1336fb37dc8ade60cc2d11.mpf_cache
2022-03-10 15:56:35,279 : INFO : ConfigProcessor : Loading config from cache: /tmp/d7018b558be5829905e6abfd7edd115a.mpf_cache
2022-03-10 15:56:35,279 : INFO : ConfigProcessor : Loading config from cache: /tmp/a613d1a45fde94895a4ae66b66a54e2f.mpf_cache
2022-03-10 15:56:35,280 : INFO : ConfigProcessor : Loading config from cache: /tmp/98a9d747049d5ce19918bf0d3ebb17c8.mpf_cache
2022-03-10 15:56:35,281 : INFO : ConfigProcessor : Loading config from cache: /tmp/79ff4d1171c3248afef75b415aee5708.mpf_cache
2022-03-10 15:56:35,281 : INFO : ConfigProcessor : Loading config from cache: /tmp/2ac4508e72c3a2db5b07500ec5504147.mpf_cache
2022-03-10 15:56:35,282 : INFO : Machine : Mission Pinball Framework Core Engine v0.54.0
2022-03-10 15:56:35,282 : INFO : Machine : Command line arguments: {'no_load_cache': False, 'create_config_cache': True, 'bcp': True, 'configfile': ['config.yaml'], 'force_assets_load': False, 'jsonlogging': False, 'logfile': 'logs/2022-03-10-15-56-34-mpf-mpf-chromebox1.log', 'pause': False, 'production': False, 'text_ui': True, 'loglevel': 15, 'consoleloglevel': 20, 'force_platform': None, 'syslog_address': None, 'mc_file_name': None, 'no_sound': False}
2022-03-10 15:56:35,282 : INFO : Machine : MPF path: /usr/local/lib/python3.6/dist-packages/mpf
2022-03-10 15:56:35,282 : INFO : Machine : Machine path: /home/mlatiolais/pinball/middle_earth
2022-03-10 15:56:35,282 : INFO : Machine : Platform: linux
2022-03-10 15:56:35,282 : INFO : Machine : Python executable location: /usr/bin/python3
2022-03-10 15:56:35,282 : INFO : Machine : Python version: 3.6.9 (64-bit)
2022-03-10 15:56:35,284 : INFO : Machine : Initialise MPF.
2022-03-10 15:56:35,382 : INFO : OPP : Connecting to /dev/ttyACM0 at 115200bps
2022-03-10 15:56:35,407 : INFO : OPP : Init of OPP board 0 done
2022-03-10 15:56:35,407 : INFO : OPP : Connecting to /dev/ttyACM1 at 115200bps
2022-03-10 15:56:35,431 : INFO : OPP : Init of OPP board 3 done
2022-03-10 15:56:35,431 : INFO : OPP : Connecting to /dev/ttyACM2 at 115200bps
2022-03-10 15:56:35,456 : INFO : OPP : Init of OPP board 1 done
2022-03-10 15:56:35,456 : INFO : EventManager : Event: ======'machine_var_credits_string'====== Args={'value': 'FREE PLAY', 'prev_value': None, 'change': True}
2022-03-10 15:56:35,519 : INFO : EventManager : Event: ======'machine_var_player1_score'====== Args={'value': 18430, 'prev_value': None, 'change': True}
2022-03-10 15:56:35,519 : INFO : EventManager : Event: ======'machine_var_mpf_version'====== Args={'value': 'MPF v0.54.0', 'prev_value': None, 'change': True}
2022-03-10 15:56:35,519 : INFO : EventManager : Event: ======'machine_var_mpf_extended_version'====== Args={'value': 'MPF v0.54.0, Config version:5, Show version: 5, BCP version:1.1', 'prev_value': None, 'change': True}
2022-03-10 15:56:35,519 : INFO : EventManager : Event: ======'machine_var_python_version'====== Args={'value': '3.6.9', 'prev_value': None, 'change': True}
2022-03-10 15:56:35,521 : INFO : EventManager : Event: ======'machine_var_platform'====== Args={'value': 'Linux-4.16.18-galliumos-x86_64-with-Ubuntu-18.04-bionic', 'prev_value': None, 'change': True}
2022-03-10 15:56:35,521 : INFO : EventManager : Event: ======'machine_var_platform_system'====== Args={'value': 'Linux', 'prev_value': None, 'change': True}
2022-03-10 15:56:35,521 : INFO : EventManager : Event: ======'machine_var_platform_release'====== Args={'value': '4.16.18-galliumos', 'prev_value': None, 'change': True}
2022-03-10 15:56:35,521 : INFO : EventManager : Event: ======'machine_var_platform_version'====== Args={'value': '#1 SMP PREEMPT Sun Jun 23 04:14:45 UTC 2019', 'prev_value': None, 'change': True}
2022-03-10 15:56:35,521 : INFO : EventManager : Event: ======'machine_var_platform_machine'====== Args={'value': 'x86_64', 'prev_value': None, 'change': True}
2022-03-10 15:56:35,521 : INFO : EventManager : Event: ======'init_phase_1'====== Args={}
2022-03-10 15:56:35,633 : INFO : EventManager : Event: ======'drop_target_bank_upper_bank_up'====== Args={}
2022-03-10 15:56:35,633 : INFO : EventManager : Event: ======'drop_target_bank_lower_bank_up'====== Args={}
2022-03-10 15:56:35,641 : INFO : EventManager : Event: ======'init_phase_2'====== Args={}
2022-03-10 15:56:35,679 : INFO : EventManager : Event: ======'machine_var_score1_label'====== Args={'value': 'GRAND CHAMPION', 'prev_value': None, 'change': True}
2022-03-10 15:56:35,679 : INFO : EventManager : Event: ======'machine_var_score1_name'====== Args={'value': 'HAL', 'prev_value': None, 'change': True}
2022-03-10 15:56:35,680 : INFO : EventManager : Event: ======'machine_var_score1_value'====== Args={'value': 100000, 'prev_value': None, 'change': True}
2022-03-10 15:56:35,680 : INFO : EventManager : Event: ======'machine_var_score2_label'====== Args={'value': 'HIGH SCORE 1', 'prev_value': None, 'change': True}
2022-03-10 15:56:35,680 : INFO : EventManager : Event: ======'machine_var_score2_name'====== Args={'value': 'MPL', 'prev_value': None, 'change': True}
2022-03-10 15:56:35,680 : INFO : EventManager : Event: ======'machine_var_score2_value'====== Args={'value': 70110, 'prev_value': None, 'change': True}
2022-03-10 15:56:35,681 : INFO : EventManager : Event: ======'machine_var_score3_label'====== Args={'value': 'HIGH SCORE 2', 'prev_value': None, 'change': True}
2022-03-10 15:56:35,681 : INFO : EventManager : Event: ======'machine_var_score3_name'====== Args={'value': 'MPL', 'prev_value': None, 'change': True}
2022-03-10 15:56:35,681 : INFO : EventManager : Event: ======'machine_var_score3_value'====== Args={'value': 57090, 'prev_value': None, 'change': True}
2022-03-10 15:56:35,681 : INFO : EventManager : Event: ======'machine_var_score4_label'====== Args={'value': 'HIGH SCORE 3', 'prev_value': None, 'change': True}
2022-03-10 15:56:35,681 : INFO : EventManager : Event: ======'machine_var_score4_name'====== Args={'value': 'MMP', 'prev_value': None, 'change': True}
2022-03-10 15:56:35,682 : INFO : EventManager : Event: ======'machine_var_score4_value'====== Args={'value': 56000, 'prev_value': None, 'change': True}
2022-03-10 15:56:35,682 : INFO : EventManager : Event: ======'machine_var_score5_label'====== Args={'value': 'HIGH SCORE 4', 'prev_value': None, 'change': True}
2022-03-10 15:56:35,682 : INFO : EventManager : Event: ======'machine_var_score5_name'====== Args={'value': 'NGM', 'prev_value': None, 'change': True}
2022-03-10 15:56:35,682 : INFO : EventManager : Event: ======'machine_var_score5_value'====== Args={'value': 55950, 'prev_value': None, 'change': True}
2022-03-10 15:56:35,682 : INFO : EventManager : Event: ======'machine_var_score6_label'====== Args={'value': 'HIGH SCORE 5', 'prev_value': None, 'change': True}
2022-03-10 15:56:35,683 : INFO : EventManager : Event: ======'machine_var_score6_name'====== Args={'value': 'MPL', 'prev_value': None, 'change': True}
2022-03-10 15:56:35,683 : INFO : EventManager : Event: ======'machine_var_score6_value'====== Args={'value': 53250, 'prev_value': None, 'change': True}
2022-03-10 15:56:35,683 : INFO : EventManager : Event: ======'machine_var_score7_label'====== Args={'value': 'HIGH SCORE 6', 'prev_value': None, 'change': True}
2022-03-10 15:56:35,683 : INFO : EventManager : Event: ======'machine_var_score7_name'====== Args={'value': 'MPL', 'prev_value': None, 'change': True}
2022-03-10 15:56:35,684 : INFO : EventManager : Event: ======'machine_var_score7_value'====== Args={'value': 47860, 'prev_value': None, 'change': True}
2022-03-10 15:56:35,684 : INFO : EventManager : Event: ======'machine_var_score8_label'====== Args={'value': 'HIGH SCORE 7', 'prev_value': None, 'change': True}
2022-03-10 15:56:35,684 : INFO : EventManager : Event: ======'machine_var_score8_name'====== Args={'value': 'AAA', 'prev_value': None, 'change': True}
2022-03-10 15:56:35,686 : INFO : EventManager : Event: ======'machine_var_score8_value'====== Args={'value': 43210, 'prev_value': None, 'change': True}
2022-03-10 15:56:35,686 : INFO : EventManager : Event: ======'machine_var_score9_label'====== Args={'value': 'HIGH SCORE 8', 'prev_value': None, 'change': True}
2022-03-10 15:56:35,687 : INFO : EventManager : Event: ======'machine_var_score9_name'====== Args={'value': 'NNG', 'prev_value': None, 'change': True}
2022-03-10 15:56:35,687 : INFO : EventManager : Event: ======'machine_var_score9_value'====== Args={'value': 40940, 'prev_value': None, 'change': True}
2022-03-10 15:56:35,687 : INFO : EventManager : Event: ======'machine_var_loops1_label'====== Args={'value': 'LOOP CHAMP', 'prev_value': None, 'change': True}
2022-03-10 15:56:35,687 : INFO : EventManager : Event: ======'machine_var_loops1_name'====== Args={'value': 'NGM', 'prev_value': None, 'change': True}
2022-03-10 15:56:35,688 : INFO : EventManager : Event: ======'machine_var_loops1_value'====== Args={'value': 2, 'prev_value': None, 'change': True}
2022-03-10 15:56:35,689 : INFO : EventManager : Event: ======'bcp_connection_attempt'====== Args={'name': 'local_display', 'host': 'localhost', 'port': 5050}
2022-03-10 15:56:35,692 : INFO : BCPClientSocket : Connecting BCP to 'local_display' at localhost:5050...
2022-03-10 15:56:37,149 : INFO : BCPClientSocket : Connected BCP to 'local_display' localhost:5050
2022-03-10 15:56:37,150 : INFO : EventManager : Event: ======'bcp_clients_connected'====== Args={}
2022-03-10 15:56:37,151 : INFO : ball_device.bd_drain : State: idle
2022-03-10 15:56:37,181 : INFO : EventManager : Event: ======'init_phase_3'====== Args={}
2022-03-10 15:56:37,213 : INFO : EventManager : Event: ======'machine_var_mc_version'====== Args={'value': 'MPF-MC v0.54.0', 'prev_value': None, 'change': True}
2022-03-10 15:56:37,214 : INFO : EventManager : Event: ======'machine_var_mc_extended_version'====== Args={'value': 'MPF-MC v0.54.0 (config_version=5, BCP v1.1, Requires MPF v0.54.0)', 'prev_value': None, 'change': True}
2022-03-10 15:56:37,218 : INFO : EventManager : Event: ======'machine_var_master_volume'====== Args={'value': 0.5, 'prev_value': None, 'change': True}
2022-03-10 15:56:37,219 : INFO : EventManager : Event: ======'init_phase_4'====== Args={}
2022-03-10 15:56:37,221 : INFO : EventManager : Event: ======'machine_var_audits_shots_shot_bonus_standup'====== Args={'value': 176, 'prev_value': None, 'change': True}
2022-03-10 15:56:37,222 : INFO : EventManager : Event: ======'machine_var_audits_shots_shot_left_lower_rollover'====== Args={'value': 154, 'prev_value': None, 'change': True}
2022-03-10 15:56:37,223 : INFO : EventManager : Event: ======'machine_var_audits_shots_shot_left_upper_rollover'====== Args={'value': 255, 'prev_value': None, 'change': True}
2022-03-10 15:56:37,223 : INFO : EventManager : Event: ======'machine_var_audits_shots_shot_loop_rollover'====== Args={'value': 163, 'prev_value': None, 'change': True}
2022-03-10 15:56:37,224 : INFO : EventManager : Event: ======'machine_var_audits_shots_shot_lower_left_standup'====== Args={'value': 125, 'prev_value': None, 'change': True}
2022-03-10 15:56:37,225 : INFO : EventManager : Event: ======'machine_var_audits_shots_shot_lower_middle_standup'====== Args={'value': 142, 'prev_value': None, 'change': True}
2022-03-10 15:56:37,225 : INFO : EventManager : Event: ======'machine_var_audits_shots_shot_right_lower_rollover'====== Args={'value': 218, 'prev_value': None, 'change': True}
2022-03-10 15:56:37,226 : INFO : EventManager : Event: ======'machine_var_audits_shots_shot_right_upper_rollover'====== Args={'value': 292, 'prev_value': None, 'change': True}
2022-03-10 15:56:37,227 : INFO : EventManager : Event: ======'machine_var_audits_shots_shot_upper_left_standup'====== Args={'value': 64, 'prev_value': None, 'change': True}
2022-03-10 15:56:37,228 : INFO : EventManager : Event: ======'machine_var_audits_shots_shot_upper_right_standup'====== Args={'value': 82, 'prev_value': None, 'change': True}
2022-03-10 15:56:37,228 : INFO : EventManager : Event: ======'machine_var_audits_switches_s_10_pt'====== Args={'value': 3555, 'prev_value': None, 'change': True}
2022-03-10 15:56:37,229 : INFO : EventManager : Event: ======'machine_var_audits_switches_s_behind_drops'====== Args={'value': 1348, 'prev_value': None, 'change': True}
2022-03-10 15:56:37,229 : INFO : EventManager : Event: ======'machine_var_audits_switches_s_coin'====== Args={'value': 7, 'prev_value': None, 'change': True}
2022-03-10 15:56:37,230 : INFO : EventManager : Event: ======'machine_var_audits_switches_s_left_bumper'====== Args={'value': 2184, 'prev_value': None, 'change': True}
2022-03-10 15:56:37,231 : INFO : EventManager : Event: ======'machine_var_audits_switches_s_left_drain_rollover'====== Args={'value': 99, 'prev_value': None, 'change': True}
2022-03-10 15:56:37,232 : INFO : EventManager : Event: ======'machine_var_audits_switches_s_left_flipper'====== Args={'value': 5761, 'prev_value': None, 'change': True}
2022-03-10 15:56:37,232 : INFO : EventManager : Event: ======'machine_var_audits_switches_s_left_lower_pf_rollover'====== Args={'value': 414, 'prev_value': None, 'change': True}
2022-03-10 15:56:37,233 : INFO : EventManager : Event: ======'machine_var_audits_switches_s_left_sling'====== Args={'value': 1479, 'prev_value': None, 'change': True}
2022-03-10 15:56:37,234 : INFO : EventManager : Event: ======'machine_var_audits_switches_s_left_spinner'====== Args={'value': 2075, 'prev_value': None, 'change': True}
2022-03-10 15:56:37,234 : INFO : EventManager : Event: ======'machine_var_audits_switches_s_left_upper_rollover'====== Args={'value': 635, 'prev_value': None, 'change': True}
2022-03-10 15:56:37,235 : INFO : EventManager : Event: ======'machine_var_audits_switches_s_lower_drop_1'====== Args={'value': 272, 'prev_value': None, 'change': True}
2022-03-10 15:56:37,236 : INFO : EventManager : Event: ======'machine_var_audits_switches_s_lower_drop_2'====== Args={'value': 285, 'prev_value': None, 'change': True}
2022-03-10 15:56:37,236 : INFO : EventManager : Event: ======'machine_var_audits_switches_s_lower_drop_3'====== Args={'value': 318, 'prev_value': None, 'change': True}
2022-03-10 15:56:37,237 : INFO : EventManager : Event: ======'machine_var_audits_switches_s_lower_drop_4'====== Args={'value': 336, 'prev_value': None, 'change': True}
2022-03-10 15:56:37,237 : INFO : EventManager : Event: ======'machine_var_audits_switches_s_lower_drop_5'====== Args={'value': 394, 'prev_value': None, 'change': True}
2022-03-10 15:56:37,238 : INFO : EventManager : Event: ======'machine_var_audits_switches_s_lower_inner_lane_rollover'====== Args={'value': 134, 'prev_value': None, 'change': True}
2022-03-10 15:56:37,239 : INFO : EventManager : Event: ======'machine_var_audits_switches_s_lower_left_target'====== Args={'value': 230, 'prev_value': None, 'change': True}
2022-03-10 15:56:37,240 : INFO : EventManager : Event: ======'machine_var_audits_switches_s_lower_middle_target'====== Args={'value': 230, 'prev_value': None, 'change': True}
2022-03-10 15:56:37,241 : INFO : EventManager : Event: ======'machine_var_audits_switches_s_outhole_kicker'====== Args={'value': 1446, 'prev_value': None, 'change': True}
2022-03-10 15:56:37,242 : INFO : EventManager : Event: ======'machine_var_audits_switches_s_right_bumper'====== Args={'value': 1243, 'prev_value': None, 'change': True}
2022-03-10 15:56:37,243 : INFO : EventManager : Event: ======'machine_var_audits_switches_s_right_drain_rollover'====== Args={'value': 113, 'prev_value': None, 'change': True}
2022-03-10 15:56:37,243 : INFO : EventManager : Event: ======'machine_var_audits_switches_s_right_flipper'====== Args={'value': 6157, 'prev_value': None, 'change': True}
2022-03-10 15:56:37,244 : INFO : EventManager : Event: ======'machine_var_audits_switches_s_right_lower_pf_rollover'====== Args={'value': 541, 'prev_value': None, 'change': True}
2022-03-10 15:56:37,245 : INFO : EventManager : Event: ======'machine_var_audits_switches_s_right_sling'====== Args={'value': 1083, 'prev_value': None, 'change': True}
2022-03-10 15:56:37,246 : INFO : EventManager : Event: ======'machine_var_audits_switches_s_right_spinner'====== Args={'value': 1571, 'prev_value': None, 'change': True}
2022-03-10 15:56:37,246 : INFO : EventManager : Event: ======'machine_var_audits_switches_s_right_upper_rollover'====== Args={'value': 611, 'prev_value': None, 'change': True}
2022-03-10 15:56:37,247 : INFO : EventManager : Event: ======'machine_var_audits_switches_s_rollthru_rollover'====== Args={'value': 235, 'prev_value': None, 'change': True}
2022-03-10 15:56:37,248 : INFO : EventManager : Event: ======'machine_var_audits_switches_s_service_credit'====== Args={'value': 27, 'prev_value': None, 'change': True}
2022-03-10 15:56:37,249 : INFO : EventManager : Event: ======'machine_var_audits_switches_s_service_down'====== Args={'value': 10, 'prev_value': None, 'change': True}
2022-03-10 15:56:37,250 : INFO : EventManager : Event: ======'machine_var_audits_switches_s_service_menu'====== Args={'value': 13, 'prev_value': None, 'change': True}
2022-03-10 15:56:37,251 : INFO : EventManager : Event: ======'machine_var_audits_switches_s_service_up'====== Args={'value': 10, 'prev_value': None, 'change': True}
2022-03-10 15:56:37,251 : INFO : EventManager : Event: ======'machine_var_audits_switches_s_start_button'====== Args={'value': 296, 'prev_value': None, 'change': True}
2022-03-10 15:56:37,252 : INFO : EventManager : Event: ======'machine_var_audits_switches_s_target_front_rollover'====== Args={'value': 255, 'prev_value': None, 'change': True}
2022-03-10 15:56:37,253 : INFO : EventManager : Event: ======'machine_var_audits_switches_s_test'====== Args={'value': 0, 'prev_value': None, 'change': True}
2022-03-10 15:56:37,254 : INFO : EventManager : Event: ======'machine_var_audits_switches_s_tilt_bob'====== Args={'value': 114, 'prev_value': None, 'change': True}
2022-03-10 15:56:37,255 : INFO : EventManager : Event: ======'machine_var_audits_switches_s_tilt_cab'====== Args={'value': 3, 'prev_value': None, 'change': True}
2022-03-10 15:56:37,255 : INFO : EventManager : Event: ======'machine_var_audits_switches_s_tilt_door_side'====== Args={'value': 2, 'prev_value': None, 'change': True}
2022-03-10 15:56:37,256 : INFO : EventManager : Event: ======'machine_var_audits_switches_s_upper_drop_1'====== Args={'value': 223, 'prev_value': None, 'change': True}
2022-03-10 15:56:37,257 : INFO : EventManager : Event: ======'machine_var_audits_switches_s_upper_drop_2'====== Args={'value': 280, 'prev_value': None, 'change': True}
2022-03-10 15:56:37,258 : INFO : EventManager : Event: ======'machine_var_audits_switches_s_upper_drop_3'====== Args={'value': 305, 'prev_value': None, 'change': True}
2022-03-10 15:56:37,260 : INFO : EventManager : Event: ======'machine_var_audits_switches_s_upper_drop_4'====== Args={'value': 301, 'prev_value': None, 'change': True}
2022-03-10 15:56:37,261 : INFO : EventManager : Event: ======'machine_var_audits_switches_s_upper_drop_5'====== Args={'value': 321, 'prev_value': None, 'change': True}
2022-03-10 15:56:37,261 : INFO : EventManager : Event: ======'machine_var_audits_switches_s_upper_left_target'====== Args={'value': 114, 'prev_value': None, 'change': True}
2022-03-10 15:56:37,262 : INFO : EventManager : Event: ======'machine_var_audits_switches_s_upper_right_target'====== Args={'value': 108, 'prev_value': None, 'change': True}
2022-03-10 15:56:37,263 : INFO : EventManager : Event: ======'machine_var_audits_switches_s_volume_down'====== Args={'value': 0, 'prev_value': None, 'change': True}
2022-03-10 15:56:37,264 : INFO : EventManager : Event: ======'machine_var_audits_switches_s_volume_up'====== Args={'value': 0, 'prev_value': None, 'change': True}
2022-03-10 15:56:37,266 : INFO : EventManager : Event: ======'init_phase_5'====== Args={}
2022-03-10 15:56:37,281 : INFO : EventManager : Event: ======'init_done'====== Args={}
2022-03-10 15:56:37,281 : INFO : EventManager : Event: ======'machine_reset_phase_1'====== Args={}
2022-03-10 15:56:37,292 : INFO : EventManager : Event: ======'machine_reset_phase_2'====== Args={}
2022-03-10 15:56:37,292 : INFO : EventManager : Event: ======'machine_reset_phase_3'====== Args={}
2022-03-10 15:56:37,292 : INFO : EventManager : Event: ======'mode_tilt_will_start'====== Args={'queue': <QueuedEvent>}
2022-03-10 15:56:37,294 : INFO : EventManager : Event: ======'mode_tilt_starting'====== Args={'queue': <QueuedEvent>}
2022-03-10 15:56:37,294 : INFO : drop_target_bank.upper_bank : All targets are already up. Will not reset bank.
2022-03-10 15:56:37,294 : INFO : drop_target_bank.lower_bank : All targets are already up. Will not reset bank.
2022-03-10 15:56:37,294 : INFO : Mode.tilt : Started. Priority: 1000000
2022-03-10 15:56:37,295 : INFO : EventManager : Event: ======'modes_active_modes_changed'====== Args={}
2022-03-10 15:56:37,295 : INFO : EventManager : Event: ======'mode_tilt_started'====== Args={'queue': <QueuedEvent>}
2022-03-10 15:56:37,296 : INFO : EventManager : Event: ======'reset_complete'====== Args={}
2022-03-10 15:56:37,297 : INFO : EventManager : Event: ======'mode_service_will_start'====== Args={}
2022-03-10 15:56:37,302 : INFO : EventManager : Event: ======'mode_service_starting'====== Args={}
2022-03-10 15:56:37,302 : INFO : EventManager : Event: ======'mode_attract_will_start'====== Args={}
2022-03-10 15:56:37,303 : INFO : EventManager : Event: ======'mode_attract_starting'====== Args={}
2022-03-10 15:56:37,304 : INFO : Mode.attract : Started. Priority: 10
2022-03-10 15:56:37,304 : INFO : EventManager : Event: ======'modes_active_modes_changed'====== Args={}
2022-03-10 15:56:37,304 : INFO : EventManager : Event: ======'mode_attract_started'====== Args={}
2022-03-10 15:56:37,309 : INFO : EventManager : Event: ======'collecting_balls_complete'====== Args={}
2022-03-10 15:56:37,309 : INFO : Mode.service : Started. Priority: 100000
2022-03-10 15:56:37,309 : INFO : EventManager : Event: ======'modes_active_modes_changed'====== Args={}
2022-03-10 15:56:37,309 : INFO : EventManager : Event: ======'mode_service_started'====== Args={}
2022-03-10 15:56:37,328 : INFO : Machine : Starting the main run loop.
2022-03-10 15:56:37,340 : INFO : EventManager : Event: ======'slide_show_last_scores_created'====== Args={'_from_bcp': True}
2022-03-10 15:56:37,349 : INFO : EventManager : Event: ======'slide_show_last_scores_active'====== Args={'_from_bcp': True}
2022-03-10 15:56:37,792 : INFO : SwitchController : <<<<<<< 's_start_button' active >>>>>>>
2022-03-10 15:56:37,894 : INFO : SwitchController : <<<<<<< 's_start_button' inactive >>>>>>>
2022-03-10 15:56:37,895 : INFO : EventManager : Event: ======'request_to_start_game'====== Args={}
2022-03-10 15:56:37,895 : INFO : BallController : bd_drain contains 0 balls. Tags ['drain', 'home', 'trough']
2022-03-10 15:56:37,895 : INFO : BallController : playfield contains 0 balls. Tags ['default']
2022-03-10 15:56:37,896 : WARNING : BallController : BallController denies game start. Not enough balls. 0 found. 1 required
2022-03-10 15:56:38,281 : INFO : SwitchController : <<<<<<< 's_start_button' active >>>>>>>
2022-03-10 15:56:38,389 : INFO : SwitchController : <<<<<<< 's_start_button' inactive >>>>>>>
2022-03-10 15:56:38,389 : INFO : EventManager : Event: ======'request_to_start_game'====== Args={}
2022-03-10 15:56:38,389 : INFO : BallController : bd_drain contains 0 balls. Tags ['drain', 'home', 'trough']
2022-03-10 15:56:38,389 : INFO : BallController : playfield contains 0 balls. Tags ['default']
2022-03-10 15:56:38,389 : WARNING : BallController : BallController denies game start. Not enough balls. 0 found. 1 required
2022-03-10 15:56:38,424 : INFO : SwitchController : <<<<<<< 's_start_button' active >>>>>>>
2022-03-10 15:56:38,451 : INFO : SwitchController : <<<<<<< 's_start_button' inactive >>>>>>>
2022-03-10 15:56:38,452 : INFO : EventManager : Event: ======'request_to_start_game'====== Args={}
2022-03-10 15:56:38,452 : INFO : BallController : bd_drain contains 0 balls. Tags ['drain', 'home', 'trough']
2022-03-10 15:56:38,452 : INFO : BallController : playfield contains 0 balls. Tags ['default']
2022-03-10 15:56:38,452 : WARNING : BallController : BallController denies game start. Not enough balls. 0 found. 1 required
2022-03-10 15:56:39,684 : INFO : SwitchController : <<<<<<< 's_left_bumper' active >>>>>>>
2022-03-10 15:56:39,716 : INFO : SwitchController : <<<<<<< 's_left_bumper' inactive >>>>>>>
2022-03-10 15:56:39,812 : INFO : SwitchController : <<<<<<< 's_10_pt' active >>>>>>>
2022-03-10 15:56:39,812 : INFO : EventManager : Event: ======'sw_playfield_active'====== Args={}
2022-03-10 15:56:39,813 : INFO : EventManager : Event: ======'playfield_active'====== Args={}
2022-03-10 15:56:39,813 : INFO : EventManager : Event: ======'unexpected_ball_on_playfield'====== Args={}
2022-03-10 15:56:39,841 : INFO : SwitchController : <<<<<<< 's_10_pt' inactive >>>>>>>
2022-03-10 15:56:40,059 : INFO : SwitchController : <<<<<<< 's_left_spinner' active >>>>>>>
2022-03-10 15:56:40,059 : INFO : EventManager : Event: ======'sw_playfield_active'====== Args={}
2022-03-10 15:56:40,060 : INFO : EventManager : Event: ======'playfield_active'====== Args={}
2022-03-10 15:56:40,060 : INFO : EventManager : Event: ======'unexpected_ball_on_playfield'====== Args={}
2022-03-10 15:56:40,136 : INFO : SwitchController : <<<<<<< 's_left_spinner' inactive >>>>>>>
2022-03-10 15:56:40,236 : INFO : SwitchController : <<<<<<< 's_left_spinner' active >>>>>>>
2022-03-10 15:56:40,236 : INFO : EventManager : Event: ======'sw_playfield_active'====== Args={}
2022-03-10 15:56:40,236 : INFO : EventManager : Event: ======'playfield_active'====== Args={}
2022-03-10 15:56:40,237 : INFO : EventManager : Event: ======'unexpected_ball_on_playfield'====== Args={}
2022-03-10 15:56:40,331 : INFO : EventManager : Event: ======'slide_slide_tfr_logo_created'====== Args={'_from_bcp': True}
2022-03-10 15:56:40,332 : INFO : EventManager : Event: ======'slide_slide_tfr_logo_active'====== Args={'_from_bcp': True}
2022-03-10 15:56:40,412 : INFO : SwitchController : <<<<<<< 's_left_spinner' inactive >>>>>>>
2022-03-10 15:56:41,124 : INFO : SwitchController : <<<<<<< 's_left_sling' active >>>>>>>
2022-03-10 15:56:41,151 : INFO : SwitchController : <<<<<<< 's_left_sling' inactive >>>>>>>
2022-03-10 15:56:42,194 : INFO : SwitchController : <<<<<<< 's_right_sling' active >>>>>>>
2022-03-10 15:56:42,222 : INFO : SwitchController : <<<<<<< 's_right_sling' inactive >>>>>>>
2022-03-10 15:56:42,323 : INFO : EventManager : Event: ======'slide_slide_lf_logo_created'====== Args={'_from_bcp': True}
2022-03-10 15:56:42,325 : INFO : EventManager : Event: ======'slide_slide_lf_logo_active'====== Args={'_from_bcp': True}
2022-03-10 15:56:42,613 : INFO : SwitchController : <<<<<<< 's_lower_drop_3' active >>>>>>>
2022-03-10 15:56:42,614 : INFO : EventManager : Event: ======'playfield_active'====== Args={}
2022-03-10 15:56:42,614 : INFO : EventManager : Event: ======'unexpected_ball_on_playfield'====== Args={}
2022-03-10 15:56:42,614 : INFO : EventManager : Event: ======'drop_target_l_third_down'====== Args={'device': <drop_target.l_third>}
2022-03-10 15:56:42,614 : INFO : EventManager : Event: ======'drop_target_bank_lower_bank_mixed'====== Args={'down': 1}
2022-03-10 15:56:42,615 : INFO : SwitchController : <<<<<<< 's_lower_drop_4' active >>>>>>>
2022-03-10 15:56:42,615 : INFO : EventManager : Event: ======'playfield_active'====== Args={}
2022-03-10 15:56:42,615 : INFO : EventManager : Event: ======'unexpected_ball_on_playfield'====== Args={}
2022-03-10 15:56:42,615 : INFO : EventManager : Event: ======'drop_target_l_fourth_down'====== Args={'device': <drop_target.l_fourth>}
2022-03-10 15:56:42,616 : INFO : EventManager : Event: ======'drop_target_bank_lower_bank_mixed'====== Args={'down': 2}
2022-03-10 15:56:44,333 : INFO : EventManager : Event: ======'slide_show_high_scores_created'====== Args={'_from_bcp': True}
2022-03-10 15:56:44,337 : INFO : EventManager : Event: ======'slide_show_high_scores_active'====== Args={'_from_bcp': True}
2022-03-10 15:56:45,750 : INFO : SwitchController : <<<<<<< 's_outhole_kicker' active >>>>>>>
2022-03-10 15:56:45,779 : INFO : SwitchController : <<<<<<< 's_outhole_kicker' inactive >>>>>>>
2022-03-10 15:56:45,811 : INFO : SwitchController : <<<<<<< 's_outhole_kicker' active >>>>>>>
2022-03-10 15:56:46,313 : INFO : EventManager : Event: ======'balldevice_bd_drain_ball_count_changed'====== Args={'balls': 1}
2022-03-10 15:56:46,314 : INFO : ball_device.bd_drain : Received unexpected ball
2022-03-10 15:56:46,314 : INFO : EventManager : Event: ======'balldevice_captured_from_playfield'====== Args={'balls': 1}
2022-03-10 15:56:46,314 : INFO : EventManager : Event: ======'sw_playfield_active'====== Args={'balls': 1}
2022-03-10 15:56:46,314 : INFO : EventManager : Event: ======'playfield_active'====== Args={}
2022-03-10 15:56:46,315 : INFO : EventManager : Event: ======'unexpected_ball_on_playfield'====== Args={}
2022-03-10 15:56:46,315 : INFO : EventManager : Event: ======'playfield_ball_count_change'====== Args={'balls': -1, 'change': -1}
2022-03-10 15:56:46,317 : INFO : EventManager : Event: ======'balldevice_playfield_ball_enter'====== Args={'new_balls': 1, 'unclaimed_balls': 1, 'device': <playfield.playfield>}
2022-03-10 15:56:46,317 : INFO : EventManager : Event: ======'playfield_ball_count_change'====== Args={'balls': 0, 'change': 1}
2022-03-10 15:56:46,317 : INFO : BallController : Found a new ball which was captured from playfield. Known balls: 1
2022-03-10 15:56:46,317 : INFO : EventManager : Event: ======'found_new_ball'====== Args={}
2022-03-10 15:56:46,317 : INFO : EventManager : Event: ======'balldevice_bd_drain_ball_enter'====== Args={'new_balls': 1, 'unclaimed_balls': 1, 'new_available_balls': 1, 'device': <ball_device.bd_drain>}
2022-03-10 15:56:46,318 : INFO : EventManager : Event: ======'ball_drain'====== Args={'device': <ball_device.bd_drain>, 'balls': 1}
2022-03-10 15:56:46,318 : INFO : EventManager : Event: ======'balldevice_balls_available'====== Args={}
2022-03-10 15:56:46,318 : INFO : EventManager : Event: ======'balldevice_bd_drain_ball_entered'====== Args={'new_balls': 1, 'device': <ball_device.bd_drain>}
2022-03-10 15:56:46,323 : INFO : EventManager : Event: ======'slide_slide_lf_logo_removed'====== Args={'_from_bcp': True}
2022-03-10 15:56:46,327 : INFO : EventManager : Event: ======'slide_slide_lf_logo_created'====== Args={'_from_bcp': True}
2022-03-10 15:56:46,328 : INFO : EventManager : Event: ======'slide_slide_lf_logo_active'====== Args={'_from_bcp': True}
2022-03-10 15:56:46,469 : INFO : SwitchController : <<<<<<< 's_start_button' active >>>>>>>
2022-03-10 15:56:46,613 : INFO : SwitchController : <<<<<<< 's_start_button' inactive >>>>>>>
2022-03-10 15:56:46,613 : INFO : EventManager : Event: ======'request_to_start_game'====== Args={}
2022-03-10 15:56:46,615 : INFO : EventManager : Event: ======'game_start'====== Args={'buttons': [], 'hold_time': 0.14379333000033512}
2022-03-10 15:56:46,615 : INFO : EventManager : Event: ======'mode_game_will_start'====== Args={'buttons': [], 'hold_time': 0.14379333000033512}
2022-03-10 15:56:46,617 : INFO : EventManager : Event: ======'mode_game_starting'====== Args={'buttons': [], 'hold_time': 0.14379333000033512}
2022-03-10 15:56:46,617 : INFO : EventManager : Event: ======'mode_attract_will_stop'====== Args={}
2022-03-10 15:56:46,618 : INFO : EventManager : Event: ======'mode_attract_stopping'====== Args={}
2022-03-10 15:56:46,618 : INFO : Mode.attract : Stopped.
2022-03-10 15:56:46,618 : INFO : EventManager : Event: ======'modes_active_modes_changed'====== Args={}
2022-03-10 15:56:46,621 : INFO : EventManager : Event: ======'mode_attract_stopped'====== Args={}
2022-03-10 15:56:46,622 : INFO : EventManager : Event: ======'clear'====== Args={'key': 'attract'}
2022-03-10 15:56:46,622 : INFO : Mode.game : Started. Priority: 20
2022-03-10 15:56:46,622 : INFO : EventManager : Event: ======'modes_active_modes_changed'====== Args={}
2022-03-10 15:56:46,622 : INFO : EventManager : Event: ======'mode_game_started'====== Args={'buttons': [], 'hold_time': 0.14379333000033512}
2022-03-10 15:56:46,623 : INFO : EventManager : Event: ======'game_will_start'====== Args={}
2022-03-10 15:56:46,624 : INFO : EventManager : Event: ======'game_starting'====== Args={'game': <Mode.game>}
2022-03-10 15:56:46,625 : INFO : EventManager : Event: ======'player_add_request'====== Args={}
2022-03-10 15:56:46,640 : INFO : EventManager : Event: ======'player_will_add'====== Args={'number': 1}
2022-03-10 15:56:46,640 : INFO : EventManager : Event: ======'player_adding'====== Args={'player': <Player 1>, 'number': 1}
2022-03-10 15:56:46,640 : INFO : EventManager : Event: ======'player_added'====== Args={'player': <Player 1>, 'num': 1}
2022-03-10 15:56:46,641 : INFO : Mode.game : Player added successfully. Total players: 1
2022-03-10 15:56:46,643 : INFO : EventManager : Event: ======'player_index'====== Args={'value': 0, 'prev_value': 0, 'change': 0, 'player_num': 1}
2022-03-10 15:56:46,643 : INFO : EventManager : Event: ======'player_number'====== Args={'value': 1, 'prev_value': 1, 'change': 0, 'player_num': 1}
2022-03-10 15:56:46,644 : INFO : EventManager : Event: ======'player_total_bumper_hits'====== Args={'value': 0, 'prev_value': 0, 'change': 0, 'player_num': 1}
2022-03-10 15:56:46,644 : INFO : EventManager : Event: ======'player_total_spinner_hits'====== Args={'value': 0, 'prev_value': 0, 'change': 0, 'player_num': 1}
2022-03-10 15:56:46,645 : INFO : EventManager : Event: ======'player_total_drop_complete'====== Args={'value': 0, 'prev_value': 0, 'change': 0, 'player_num': 1}
2022-03-10 15:56:46,645 : INFO : EventManager : Event: ======'player_playfield_bonus'====== Args={'value': 0, 'prev_value': 0, 'change': 0, 'player_num': 1}
2022-03-10 15:56:46,646 : INFO : EventManager : Event: ======'player_pf_multiplier'====== Args={'value': 1, 'prev_value': 1, 'change': 0, 'player_num': 1}
2022-03-10 15:56:46,647 : INFO : EventManager : Event: ======'player_total_mode_complete'====== Args={'value': 0, 'prev_value': 0, 'change': 0, 'player_num': 1}
2022-03-10 15:56:46,648 : INFO : EventManager : Event: ======'player_ape_beast_mode_count'====== Args={'value': 0, 'prev_value': 0, 'change': 0, 'player_num': 1}
2022-03-10 15:56:46,649 : INFO : EventManager : Event: ======'player_lizard_beast_mode_count'====== Args={'value': 0, 'prev_value': 0, 'change': 0, 'player_num': 1}
2022-03-10 15:56:46,649 : INFO : EventManager : Event: ======'player_ape_counter'====== Args={'value': 0, 'prev_value': 0, 'change': 0, 'player_num': 1}
2022-03-10 15:56:46,650 : INFO : EventManager : Event: ======'player_score'====== Args={'value': 0, 'prev_value': 0, 'change': 0, 'player_num': 1}
2022-03-10 15:56:46,651 : INFO : EventManager : Event: ======'game_started'====== Args={}
2022-03-10 15:56:46,651 : INFO : EventManager : Event: ======'player_turn_will_start'====== Args={'player': <Player 1>, 'number': 1}
2022-03-10 15:56:46,652 : INFO : EventManager : Event: ======'slide_show_last_scores_removed'====== Args={'_from_bcp': True}
2022-03-10 15:56:46,652 : INFO : EventManager : Event: ======'slide_slide_tfr_logo_removed'====== Args={'_from_bcp': True}
2022-03-10 15:56:46,652 : INFO : EventManager : Event: ======'slide_show_high_scores_removed'====== Args={'_from_bcp': True}
2022-03-10 15:56:46,652 : INFO : EventManager : Event: ======'slide_slide_lf_logo_removed'====== Args={'_from_bcp': True}
2022-03-10 15:56:46,652 : INFO : EventManager : Event: ======'slide_window_blank_active'====== Args={'_from_bcp': True}
2022-03-10 15:56:46,654 : INFO : EventManager : Event: ======'player_turn_starting'====== Args={'player': <Player 1>, 'number': 1}
2022-03-10 15:56:46,654 : INFO : EventManager : Event: ======'player_ball'====== Args={'value': 1, 'prev_value': 0, 'change': 1, 'player_num': 1}
2022-03-10 15:56:46,655 : INFO : EventManager : Event: ======'player_turn_started'====== Args={'player': <Player 1>, 'number': 1}
2022-03-10 15:56:46,657 : INFO : EventManager : Event: ======'ball_will_start'====== Args={'player': 1, 'ball': 1, 'balls_remaining': 2, 'is_extra_ball': False}
2022-03-10 15:56:46,658 : INFO : EventManager : Event: ======'ball_starting'====== Args={'player': 1, 'ball': 1, 'balls_remaining': 2, 'is_extra_ball': False}
2022-03-10 15:56:46,658 : INFO : drop_target_bank.upper_bank : All targets are already up. Will not reset bank.
2022-03-10 15:56:46,658 : INFO : drop_target_bank.lower_bank : 2 targets are down. Will reset those.
2022-03-10 15:56:46,659 : INFO : coil.c_left_drop_reset : Pulsing Driver for 50ms (1.0 pulse_power)
2022-03-10 15:56:46,660 : INFO : EventManager : Event: ======'cmd_flippers_enable'====== Args={'priority': 0}
2022-03-10 15:56:46,660 : INFO : EventManager : Event: ======'cmd_autofire_coils_enable'====== Args={'priority': 0}
2022-03-10 15:56:46,660 : INFO : EventManager : Event: ======'cmd_drop_targets_reset'====== Args={'priority': 0}
2022-03-10 15:56:46,661 : INFO : EventManager : Event: ======'balls_in_play'====== Args={'balls': 1}
2022-03-10 15:56:46,661 : INFO : EventManager : Event: ======'ball_started'====== Args={'player': 1, 'ball': 1, 'balls_remaining': 2, 'is_extra_ball': False}
2022-03-10 15:56:46,680 : INFO : EventManager : Event: ======'mode_base_will_start'====== Args={'player': 1, 'ball': 1, 'balls_remaining': 2, 'is_extra_ball': False}
2022-03-10 15:56:46,681 : INFO : EventManager : Event: ======'player_shot_shot_upper_right_standup_enabled'====== Args={'value': True, 'prev_value': 0, 'change': 1, 'player_num': 1}
2022-03-10 15:56:46,682 : INFO : EventManager : Event: ======'player_shot_shot_upper_left_standup_enabled'====== Args={'value': True, 'prev_value': 0, 'change': 1, 'player_num': 1}
2022-03-10 15:56:46,683 : INFO : EventManager : Event: ======'player_shot_shot_lower_left_standup_enabled'====== Args={'value': True, 'prev_value': 0, 'change': 1, 'player_num': 1}
2022-03-10 15:56:46,684 : INFO : EventManager : Event: ======'player_shot_shot_lower_middle_standup_enabled'====== Args={'value': True, 'prev_value': 0, 'change': 1, 'player_num': 1}
2022-03-10 15:56:46,685 : INFO : EventManager : Event: ======'player_shot_shot_bonus_standup_enabled'====== Args={'value': True, 'prev_value': 0, 'change': 1, 'player_num': 1}
2022-03-10 15:56:46,686 : INFO : EventManager : Event: ======'player_shot_shot_loop_rollover_enabled'====== Args={'value': True, 'prev_value': 0, 'change': 1, 'player_num': 1}
2022-03-10 15:56:46,687 : INFO : EventManager : Event: ======'player_shot_shot_left_upper_rollover_enabled'====== Args={'value': True, 'prev_value': 0, 'change': 1, 'player_num': 1}
2022-03-10 15:56:46,688 : INFO : EventManager : Event: ======'player_shot_shot_right_upper_rollover_enabled'====== Args={'value': True, 'prev_value': 0, 'change': 1, 'player_num': 1}
2022-03-10 15:56:46,689 : INFO : EventManager : Event: ======'player_shot_shot_left_lower_rollover_enabled'====== Args={'value': True, 'prev_value': 0, 'change': 1, 'player_num': 1}
2022-03-10 15:56:46,690 : INFO : EventManager : Event: ======'player_shot_shot_right_lower_rollover_enabled'====== Args={'value': True, 'prev_value': 0, 'change': 1, 'player_num': 1}
2022-03-10 15:56:46,710 : INFO : EventManager : Event: ======'mode_base_starting'====== Args={'player': 1, 'ball': 1, 'balls_remaining': 2, 'is_extra_ball': False}
2022-03-10 15:56:46,713 : INFO : EventManager : Event: ======'logicblock_loop_complete_count_updated'====== Args={'value': 0, 'enabled': True}
2022-03-10 15:56:46,713 : INFO : EventManager : Event: ======'logicblock_loop_complete_count_updated'====== Args={'value': 0, 'enabled': True}
2022-03-10 15:56:46,714 : INFO : Mode.base : Started. Priority: 100
2022-03-10 15:56:46,714 : INFO : EventManager : Event: ======'modes_active_modes_changed'====== Args={}
2022-03-10 15:56:46,714 : INFO : EventManager : Event: ======'mode_base_started'====== Args={'player': 1, 'ball': 1, 'balls_remaining': 2, 'is_extra_ball': False}
2022-03-10 15:56:46,714 : INFO : EventManager : Event: ======'single_player_ball_started'====== Args={}
2022-03-10 15:56:46,715 : INFO : EventManager : Event: ======'ball_save_bs_base_enabled'====== Args={}
2022-03-10 15:56:46,717 : INFO : ball_device.bd_drain : Setting up player-controlled eject. Balls: 1, Target: <playfield.playfield>, player_controlled_eject_event: None
2022-03-10 15:56:46,718 : INFO : ball_device.bd_drain : Adding 1 ball(s) to the eject_queue with target <playfield.playfield>.
2022-03-10 15:56:46,718 : INFO : EventManager : Event: ======'balldevice_balls_available'====== Args={}
2022-03-10 15:56:46,719 : INFO : SwitchController : <<<<<<< 's_lower_drop_3' inactive >>>>>>>
2022-03-10 15:56:46,719 : INFO : SwitchController : <<<<<<< 's_lower_drop_4' inactive >>>>>>>
2022-03-10 15:56:46,720 : INFO : ball_device.bd_drain : State: waiting_for_target_ready
2022-03-10 15:56:46,720 : INFO : EventManager : Event: ======'balldevice_bd_drain_ball_eject_attempt'====== Args={'balls': 1, 'target': <playfield.playfield>, 'source': <ball_device.bd_drain>, 'mechanical_eject': False, 'num_attempts': 0}
2022-03-10 15:56:46,720 : INFO : ball_device.bd_drain : State: ejecting
2022-03-10 15:56:46,720 : INFO : ball_device.bd_drain : Ejecting ball to <playfield.playfield>
2022-03-10 15:56:46,721 : INFO : EventManager : Event: ======'balldevice_bd_drain_ejecting_ball'====== Args={'balls': 1, 'target': <playfield.playfield>, 'source': <ball_device.bd_drain>, 'mechanical_eject': False, 'num_attempts': 0}
2022-03-10 15:56:46,721 : INFO : ball_device.bd_drain : Wait for ball to leave device
2022-03-10 15:56:46,746 : INFO : EventManager : Event: ======'slide_base.slide_player-mode_base_started_created'====== Args={'_from_bcp': True}
2022-03-10 15:56:46,759 : INFO : coil.c_ball_eject : Pulsing Driver for 50ms (1.0 pulse_power)
2022-03-10 15:56:46,791 : INFO : SwitchController : <<<<<<< 's_outhole_kicker' inactive >>>>>>>
2022-03-10 15:56:46,792 : INFO : ball_device.bd_drain : State: ball_left
2022-03-10 15:56:46,792 : INFO : ball_device.bd_drain : Ball left
2022-03-10 15:56:46,792 : INFO : ball_device.bd_drain : Wait for confirm with timeout 3.0
2022-03-10 15:56:47,159 : INFO : EventManager : Event: ======'drop_target_l_third_up'====== Args={'device': <drop_target.l_third>}
2022-03-10 15:56:47,160 : INFO : EventManager : Event: ======'drop_target_l_fourth_up'====== Args={'device': <drop_target.l_fourth>}
2022-03-10 15:56:47,160 : INFO : EventManager : Event: ======'restore'====== Args={}
2022-03-10 15:56:47,160 : INFO : EventManager : Event: ======'drop_target_bank_lower_bank_up'====== Args={}
2022-03-10 15:56:48,164 : INFO : EventManager : Event: ======'slide_base.slide_player-mode_base_started_active'====== Args={'_from_bcp': True}
2022-03-10 15:56:49,794 : INFO : ball_device.bd_drain : State: failed_confirm
2022-03-10 15:56:49,794 : INFO : ball_device.bd_drain : Got timeout (3.0s) before confirm from <playfield.playfield>
2022-03-10 15:56:49,896 : INFO : ball_device.bd_drain : Confirming eject because target is playfield and ball did not return.
2022-03-10 15:56:49,896 : INFO : ball_device.bd_drain : Eject successful
2022-03-10 15:56:49,896 : INFO : EventManager : Event: ======'balldevice_bd_drain_ball_eject_success'====== Args={'balls': 1, 'target': <playfield.playfield>}
2022-03-10 15:56:49,896 : INFO : EventManager : Event: ======'balldevice_playfield_ball_enter'====== Args={'new_balls': 1, 'unclaimed_balls': 1, 'device': <playfield.playfield>}
2022-03-10 15:56:49,897 : INFO : EventManager : Event: ======'playfield_ball_count_change'====== Args={'balls': 1, 'change': 1}
2022-03-10 15:56:49,897 : INFO : EventManager : Event: ======'balldevice_bd_drain_ball_count_changed'====== Args={'balls': 0}
2022-03-10 15:56:49,897 : INFO : ball_device.bd_drain : State: idle
2022-03-10 15:56:52,902 : INFO : SwitchController : <<<<<<< 's_upper_drop_5' active >>>>>>>
2022-03-10 15:56:52,903 : INFO : EventManager : Event: ======'s_upper_drop_5_active'====== Args={}
2022-03-10 15:56:52,903 : INFO : EventManager : Event: ======'sw_drop_target_active'====== Args={}
2022-03-10 15:56:52,903 : INFO : EventManager : Event: ======'drop_target_u_fifth_down'====== Args={'device': <drop_target.u_fifth>}
2022-03-10 15:56:52,903 : INFO : EventManager : Event: ======'drop_target_bank_upper_bank_mixed'====== Args={'down': 1}
2022-03-10 15:56:52,904 : INFO : EventManager : Event: ======'machine_var_audits_switches_s_upper_drop_5'====== Args={'value': 322, 'prev_value': 321, 'change': 1}
2022-03-10 15:56:52,912 : INFO : EventManager : Event: ======'player_score'====== Args={'value': 500, 'prev_value': 0, 'change': 500, 'player_num': 1}
2022-03-10 15:56:53,084 : INFO : SwitchController : <<<<<<< 's_upper_drop_4' active >>>>>>>
2022-03-10 15:56:53,085 : INFO : EventManager : Event: ======'s_upper_drop_4_active'====== Args={}
2022-03-10 15:56:53,085 : INFO : EventManager : Event: ======'sw_drop_target_active'====== Args={}
2022-03-10 15:56:53,085 : INFO : EventManager : Event: ======'drop_target_u_fourth_down'====== Args={'device': <drop_target.u_fourth>}
2022-03-10 15:56:53,086 : INFO : EventManager : Event: ======'drop_target_bank_upper_bank_mixed'====== Args={'down': 2}
2022-03-10 15:56:53,086 : INFO : EventManager : Event: ======'machine_var_audits_switches_s_upper_drop_4'====== Args={'value': 302, 'prev_value': 301, 'change': 1}
2022-03-10 15:56:53,089 : INFO : EventManager : Event: ======'player_score'====== Args={'value': 1000, 'prev_value': 500, 'change': 500, 'player_num': 1}
2022-03-10 15:56:53,328 : INFO : SwitchController : <<<<<<< 's_upper_drop_3' active >>>>>>>
2022-03-10 15:56:53,329 : INFO : EventManager : Event: ======'s_upper_drop_3_active'====== Args={}
2022-03-10 15:56:53,329 : INFO : EventManager : Event: ======'sw_drop_target_active'====== Args={}
2022-03-10 15:56:53,329 : INFO : EventManager : Event: ======'drop_target_u_third_down'====== Args={'device': <drop_target.u_third>}
2022-03-10 15:56:53,330 : INFO : EventManager : Event: ======'drop_target_bank_upper_bank_mixed'====== Args={'down': 3}
2022-03-10 15:56:53,330 : INFO : EventManager : Event: ======'machine_var_audits_switches_s_upper_drop_3'====== Args={'value': 306, 'prev_value': 305, 'change': 1}
2022-03-10 15:56:53,332 : INFO : EventManager : Event: ======'player_score'====== Args={'value': 1500, 'prev_value': 1000, 'change': 500, 'player_num': 1}
2022-03-10 15:56:53,574 : INFO : SwitchController : <<<<<<< 's_upper_drop_2' active >>>>>>>
2022-03-10 15:56:53,574 : INFO : EventManager : Event: ======'s_upper_drop_2_active'====== Args={}
2022-03-10 15:56:53,574 : INFO : EventManager : Event: ======'sw_drop_target_active'====== Args={}
2022-03-10 15:56:53,574 : INFO : EventManager : Event: ======'drop_target_u_second_down'====== Args={'device': <drop_target.u_second>}
2022-03-10 15:56:53,575 : INFO : EventManager : Event: ======'drop_target_bank_upper_bank_mixed'====== Args={'down': 4}
2022-03-10 15:56:53,575 : INFO : EventManager : Event: ======'machine_var_audits_switches_s_upper_drop_2'====== Args={'value': 281, 'prev_value': 280, 'change': 1}
2022-03-10 15:56:53,578 : INFO : EventManager : Event: ======'player_score'====== Args={'value': 2000, 'prev_value': 1500, 'change': 500, 'player_num': 1}
2022-03-10 15:56:53,800 : INFO : SwitchController : <<<<<<< 's_upper_drop_1' active >>>>>>>
2022-03-10 15:56:53,801 : INFO : EventManager : Event: ======'s_upper_drop_1_active'====== Args={}
2022-03-10 15:56:53,801 : INFO : EventManager : Event: ======'sw_drop_target_active'====== Args={}
2022-03-10 15:56:53,801 : INFO : EventManager : Event: ======'drop_target_u_first_down'====== Args={'device': <drop_target.u_first>}
2022-03-10 15:56:53,802 : INFO : EventManager : Event: ======'drop_target_bank_upper_bank_down'====== Args={}
2022-03-10 15:56:53,802 : INFO : EventManager : Event: ======'machine_var_audits_switches_s_upper_drop_1'====== Args={'value': 224, 'prev_value': 223, 'change': 1}
2022-03-10 15:56:53,805 : INFO : EventManager : Event: ======'player_score'====== Args={'value': 2500, 'prev_value': 2000, 'change': 500, 'player_num': 1}
2022-03-10 15:56:53,807 : INFO : EventManager : Event: ======'mode_ape_beast_will_start'====== Args={}
2022-03-10 15:56:53,808 : INFO : Timer.ape_attack_timer : Starting Timer.
2022-03-10 15:56:53,809 : INFO : EventManager : Event: ======'timer_ape_attack_timer_started'====== Args={'ticks': 10, 'ticks_remaining': 10}
2022-03-10 15:56:53,809 : INFO : EventManager : Event: ======'timer_ape_attack_timer_tick'====== Args={'ticks': 10, 'ticks_remaining': 10}
2022-03-10 15:56:53,811 : INFO : EventManager : Event: ======'mode_ape_beast_starting'====== Args={}
2022-03-10 15:56:53,811 : INFO : EventManager : Event: ======'player_total_drop_complete'====== Args={'value': 1, 'prev_value': 0, 'change': 1, 'player_num': 1}
2022-03-10 15:56:53,812 : INFO : EventManager : Event: ======'player_playfield_bonus'====== Args={'value': 500, 'prev_value': 0, 'change': 500, 'player_num': 1}
2022-03-10 15:56:53,813 : INFO : EventManager : Event: ======'logicblock_ape_beast_attack_updated'====== Args={'value': 20, 'enabled': True}
2022-03-10 15:56:53,813 : INFO : EventManager : Event: ======'logicblock_ape_beast_attack_updated'====== Args={'value': 20, 'enabled': True}
2022-03-10 15:56:53,813 : INFO : Mode.ape_beast : Started. Priority: 200
2022-03-10 15:56:53,813 : INFO : EventManager : Event: ======'modes_active_modes_changed'====== Args={}
2022-03-10 15:56:53,813 : INFO : EventManager : Event: ======'mode_ape_beast_started'====== Args={}
2022-03-10 15:56:53,862 : INFO : EventManager : Event: ======'slide_ape_beast.slide_player-mode_ape_beast_started_created'====== Args={'_from_bcp': True}
2022-03-10 15:56:53,862 : INFO : EventManager : Event: ======'slide_ape_beast.slide_player-mode_ape_beast_started_active'====== Args={'_from_bcp': True}
2022-03-10 15:56:54,809 : INFO : EventManager : Event: ======'player_ape_beast_ape_attack_timer_tick'====== Args={'value': 9, 'prev_value': 0, 'change': 9, 'player_num': 1}
2022-03-10 15:56:54,810 : INFO : EventManager : Event: ======'timer_ape_attack_timer_tick'====== Args={'ticks': 9, 'ticks_remaining': 9}
2022-03-10 15:56:55,196 : INFO : SwitchController : <<<<<<< 's_left_spinner' active >>>>>>>
2022-03-10 15:56:55,197 : INFO : EventManager : Event: ======'s_left_spinner_active'====== Args={}
2022-03-10 15:56:55,197 : INFO : EventManager : Event: ======'sw_playfield_active'====== Args={}
2022-03-10 15:56:55,197 : INFO : EventManager : Event: ======'sw_spinner_active'====== Args={}
2022-03-10 15:56:55,197 : INFO : EventManager : Event: ======'machine_var_audits_switches_s_left_spinner'====== Args={'value': 2076, 'prev_value': 2075, 'change': 1}
2022-03-10 15:56:55,199 : INFO : EventManager : Event: ======'player_score'====== Args={'value': 2600, 'prev_value': 2500, 'change': 100, 'player_num': 1}
2022-03-10 15:56:55,206 : INFO : EventManager : Event: ======'player_total_spinner_hits'====== Args={'value': 1, 'prev_value': 0, 'change': 1, 'player_num': 1}
2022-03-10 15:56:55,219 : INFO : EventManager : Event: ======'ball_save_bs_base_timer_start'====== Args={}
2022-03-10 15:56:55,220 : INFO : EventManager : Event: ======'logicblock_ape_beast_attack_updated'====== Args={'value': 19, 'enabled': True}
2022-03-10 15:56:55,220 : INFO : EventManager : Event: ======'ape_attacked'====== Args={'count': 19, 'remaining': -19}
2022-03-10 15:56:55,241 : INFO : SwitchController : <<<<<<< 's_left_spinner' inactive >>>>>>>
2022-03-10 15:56:55,270 : INFO : SwitchController : <<<<<<< 's_left_spinner' active >>>>>>>
2022-03-10 15:56:55,270 : INFO : EventManager : Event: ======'s_left_spinner_active'====== Args={}
2022-03-10 15:56:55,271 : INFO : EventManager : Event: ======'sw_playfield_active'====== Args={}
2022-03-10 15:56:55,271 : INFO : EventManager : Event: ======'sw_spinner_active'====== Args={}
2022-03-10 15:56:55,271 : INFO : EventManager : Event: ======'machine_var_audits_switches_s_left_spinner'====== Args={'value': 2077, 'prev_value': 2076, 'change': 1}
2022-03-10 15:56:55,272 : INFO : EventManager : Event: ======'player_score'====== Args={'value': 2700, 'prev_value': 2600, 'change': 100, 'player_num': 1}
2022-03-10 15:56:55,273 : INFO : EventManager : Event: ======'player_total_spinner_hits'====== Args={'value': 2, 'prev_value': 1, 'change': 1, 'player_num': 1}
2022-03-10 15:56:55,274 : INFO : EventManager : Event: ======'logicblock_ape_beast_attack_updated'====== Args={'value': 18, 'enabled': True}
2022-03-10 15:56:55,274 : INFO : EventManager : Event: ======'ape_attacked'====== Args={'count': 18, 'remaining': -18}
2022-03-10 15:56:55,310 : INFO : SwitchController : <<<<<<< 's_left_spinner' inactive >>>>>>>
2022-03-10 15:56:55,380 : INFO : SwitchController : <<<<<<< 's_left_spinner' active >>>>>>>
2022-03-10 15:56:55,380 : INFO : EventManager : Event: ======'s_left_spinner_active'====== Args={}
2022-03-10 15:56:55,380 : INFO : EventManager : Event: ======'sw_playfield_active'====== Args={}
2022-03-10 15:56:55,380 : INFO : EventManager : Event: ======'sw_spinner_active'====== Args={}
2022-03-10 15:56:55,381 : INFO : EventManager : Event: ======'machine_var_audits_switches_s_left_spinner'====== Args={'value': 2078, 'prev_value': 2077, 'change': 1}
2022-03-10 15:56:55,382 : INFO : EventManager : Event: ======'player_score'====== Args={'value': 2800, 'prev_value': 2700, 'change': 100, 'player_num': 1}
2022-03-10 15:56:55,382 : INFO : EventManager : Event: ======'player_total_spinner_hits'====== Args={'value': 3, 'prev_value': 2, 'change': 1, 'player_num': 1}
2022-03-10 15:56:55,383 : INFO : EventManager : Event: ======'logicblock_ape_beast_attack_updated'====== Args={'value': 17, 'enabled': True}
2022-03-10 15:56:55,383 : INFO : EventManager : Event: ======'ape_attacked'====== Args={'count': 17, 'remaining': -17}
2022-03-10 15:56:55,411 : INFO : SwitchController : <<<<<<< 's_left_spinner' inactive >>>>>>>
2022-03-10 15:56:55,464 : INFO : SwitchController : <<<<<<< 's_left_spinner' active >>>>>>>
2022-03-10 15:56:55,465 : INFO : EventManager : Event: ======'s_left_spinner_active'====== Args={}
2022-03-10 15:56:55,465 : INFO : EventManager : Event: ======'sw_playfield_active'====== Args={}
2022-03-10 15:56:55,465 : INFO : EventManager : Event: ======'sw_spinner_active'====== Args={}
2022-03-10 15:56:55,465 : INFO : EventManager : Event: ======'machine_var_audits_switches_s_left_spinner'====== Args={'value': 2079, 'prev_value': 2078, 'change': 1}
2022-03-10 15:56:55,468 : INFO : EventManager : Event: ======'player_score'====== Args={'value': 2900, 'prev_value': 2800, 'change': 100, 'player_num': 1}
2022-03-10 15:56:55,469 : INFO : EventManager : Event: ======'player_total_spinner_hits'====== Args={'value': 4, 'prev_value': 3, 'change': 1, 'player_num': 1}
2022-03-10 15:56:55,470 : INFO : EventManager : Event: ======'logicblock_ape_beast_attack_updated'====== Args={'value': 16, 'enabled': True}
2022-03-10 15:56:55,470 : INFO : EventManager : Event: ======'ape_attacked'====== Args={'count': 16, 'remaining': -16}
2022-03-10 15:56:55,519 : INFO : SwitchController : <<<<<<< 's_left_spinner' inactive >>>>>>>
2022-03-10 15:56:55,596 : INFO : SwitchController : <<<<<<< 's_left_spinner' active >>>>>>>
2022-03-10 15:56:55,596 : INFO : EventManager : Event: ======'s_left_spinner_active'====== Args={}
2022-03-10 15:56:55,596 : INFO : EventManager : Event: ======'sw_playfield_active'====== Args={}
2022-03-10 15:56:55,597 : INFO : EventManager : Event: ======'sw_spinner_active'====== Args={}
2022-03-10 15:56:55,597 : INFO : EventManager : Event: ======'machine_var_audits_switches_s_left_spinner'====== Args={'value': 2080, 'prev_value': 2079, 'change': 1}
2022-03-10 15:56:55,599 : INFO : EventManager : Event: ======'player_score'====== Args={'value': 3000, 'prev_value': 2900, 'change': 100, 'player_num': 1}
2022-03-10 15:56:55,600 : INFO : EventManager : Event: ======'player_total_spinner_hits'====== Args={'value': 5, 'prev_value': 4, 'change': 1, 'player_num': 1}
2022-03-10 15:56:55,602 : INFO : EventManager : Event: ======'logicblock_ape_beast_attack_updated'====== Args={'value': 15, 'enabled': True}
2022-03-10 15:56:55,602 : INFO : EventManager : Event: ======'ape_attacked'====== Args={'count': 15, 'remaining': -15}
2022-03-10 15:56:55,671 : INFO : SwitchController : <<<<<<< 's_left_spinner' inactive >>>>>>>
2022-03-10 15:56:55,770 : INFO : SwitchController : <<<<<<< 's_left_spinner' active >>>>>>>
2022-03-10 15:56:55,770 : INFO : EventManager : Event: ======'s_left_spinner_active'====== Args={}
2022-03-10 15:56:55,771 : INFO : EventManager : Event: ======'sw_playfield_active'====== Args={}
2022-03-10 15:56:55,771 : INFO : EventManager : Event: ======'sw_spinner_active'====== Args={}
2022-03-10 15:56:55,771 : INFO : EventManager : Event: ======'machine_var_audits_switches_s_left_spinner'====== Args={'value': 2081, 'prev_value': 2080, 'change': 1}
2022-03-10 15:56:55,773 : INFO : EventManager : Event: ======'player_score'====== Args={'value': 3100, 'prev_value': 3000, 'change': 100, 'player_num': 1}
2022-03-10 15:56:55,774 : INFO : EventManager : Event: ======'player_total_spinner_hits'====== Args={'value': 6, 'prev_value': 5, 'change': 1, 'player_num': 1}
2022-03-10 15:56:55,775 : INFO : EventManager : Event: ======'logicblock_ape_beast_attack_updated'====== Args={'value': 14, 'enabled': True}
2022-03-10 15:56:55,775 : INFO : EventManager : Event: ======'ape_attacked'====== Args={'count': 14, 'remaining': -14}
2022-03-10 15:56:55,809 : INFO : EventManager : Event: ======'player_ape_beast_ape_attack_timer_tick'====== Args={'value': 8, 'prev_value': 9, 'change': -1, 'player_num': 1}
2022-03-10 15:56:55,810 : INFO : EventManager : Event: ======'timer_ape_attack_timer_tick'====== Args={'ticks': 8, 'ticks_remaining': 8}
2022-03-10 15:56:55,975 : INFO : SwitchController : <<<<<<< 's_left_spinner' inactive >>>>>>>
2022-03-10 15:56:56,378 : INFO : SwitchController : <<<<<<< 's_left_spinner' active >>>>>>>
2022-03-10 15:56:56,378 : INFO : EventManager : Event: ======'s_left_spinner_active'====== Args={}
2022-03-10 15:56:56,378 : INFO : EventManager : Event: ======'sw_playfield_active'====== Args={}
2022-03-10 15:56:56,378 : INFO : EventManager : Event: ======'sw_spinner_active'====== Args={}
2022-03-10 15:56:56,378 : INFO : EventManager : Event: ======'machine_var_audits_switches_s_left_spinner'====== Args={'value': 2082, 'prev_value': 2081, 'change': 1}
2022-03-10 15:56:56,380 : INFO : EventManager : Event: ======'player_score'====== Args={'value': 3200, 'prev_value': 3100, 'change': 100, 'player_num': 1}
2022-03-10 15:56:56,380 : INFO : EventManager : Event: ======'player_total_spinner_hits'====== Args={'value': 7, 'prev_value': 6, 'change': 1, 'player_num': 1}
2022-03-10 15:56:56,381 : INFO : EventManager : Event: ======'logicblock_ape_beast_attack_updated'====== Args={'value': 13, 'enabled': True}
2022-03-10 15:56:56,381 : INFO : EventManager : Event: ======'ape_attacked'====== Args={'count': 13, 'remaining': -13}
2022-03-10 15:56:56,443 : INFO : SwitchController : <<<<<<< 's_left_spinner' inactive >>>>>>>
2022-03-10 15:56:56,519 : INFO : SwitchController : <<<<<<< 's_left_spinner' active >>>>>>>
2022-03-10 15:56:56,520 : INFO : EventManager : Event: ======'s_left_spinner_active'====== Args={}
2022-03-10 15:56:56,520 : INFO : EventManager : Event: ======'sw_playfield_active'====== Args={}
2022-03-10 15:56:56,520 : INFO : EventManager : Event: ======'sw_spinner_active'====== Args={}
2022-03-10 15:56:56,520 : INFO : EventManager : Event: ======'machine_var_audits_switches_s_left_spinner'====== Args={'value': 2083, 'prev_value': 2082, 'change': 1}
2022-03-10 15:56:56,522 : INFO : EventManager : Event: ======'player_score'====== Args={'value': 3300, 'prev_value': 3200, 'change': 100, 'player_num': 1}
2022-03-10 15:56:56,523 : INFO : EventManager : Event: ======'player_total_spinner_hits'====== Args={'value': 8, 'prev_value': 7, 'change': 1, 'player_num': 1}
2022-03-10 15:56:56,524 : INFO : EventManager : Event: ======'logicblock_ape_beast_attack_updated'====== Args={'value': 12, 'enabled': True}
2022-03-10 15:56:56,524 : INFO : EventManager : Event: ======'ape_attacked'====== Args={'count': 12, 'remaining': -12}
2022-03-10 15:56:56,631 : INFO : SwitchController : <<<<<<< 's_left_spinner' inactive >>>>>>>
2022-03-10 15:56:56,745 : INFO : SwitchController : <<<<<<< 's_left_spinner' active >>>>>>>
2022-03-10 15:56:56,745 : INFO : EventManager : Event: ======'s_left_spinner_active'====== Args={}
2022-03-10 15:56:56,745 : INFO : EventManager : Event: ======'sw_playfield_active'====== Args={}
2022-03-10 15:56:56,745 : INFO : EventManager : Event: ======'sw_spinner_active'====== Args={}
2022-03-10 15:56:56,746 : INFO : EventManager : Event: ======'machine_var_audits_switches_s_left_spinner'====== Args={'value': 2084, 'prev_value': 2083, 'change': 1}
2022-03-10 15:56:56,748 : INFO : EventManager : Event: ======'player_score'====== Args={'value': 3400, 'prev_value': 3300, 'change': 100, 'player_num': 1}
2022-03-10 15:56:56,749 : INFO : EventManager : Event: ======'player_total_spinner_hits'====== Args={'value': 9, 'prev_value': 8, 'change': 1, 'player_num': 1}
2022-03-10 15:56:56,750 : INFO : EventManager : Event: ======'logicblock_ape_beast_attack_updated'====== Args={'value': 11, 'enabled': True}
2022-03-10 15:56:56,750 : INFO : EventManager : Event: ======'ape_attacked'====== Args={'count': 11, 'remaining': -11}
2022-03-10 15:56:56,803 : INFO : drop_target_bank.upper_bank : 5 targets are down. Will reset those.
2022-03-10 15:56:56,803 : INFO : coil.c_right_drop_reset : Pulsing Driver for 50ms (1.0 pulse_power)
2022-03-10 15:56:56,810 : INFO : EventManager : Event: ======'player_ape_beast_ape_attack_timer_tick'====== Args={'value': 7, 'prev_value': 8, 'change': -1, 'player_num': 1}
2022-03-10 15:56:56,811 : INFO : EventManager : Event: ======'timer_ape_attack_timer_tick'====== Args={'ticks': 7, 'ticks_remaining': 7}
2022-03-10 15:56:56,831 : INFO : SwitchController : <<<<<<< 's_upper_drop_1' inactive >>>>>>>
2022-03-10 15:56:56,832 : INFO : SwitchController : <<<<<<< 's_upper_drop_2' inactive >>>>>>>
2022-03-10 15:56:56,832 : INFO : SwitchController : <<<<<<< 's_upper_drop_3' inactive >>>>>>>
2022-03-10 15:56:56,833 : INFO : SwitchController : <<<<<<< 's_upper_drop_4' inactive >>>>>>>
2022-03-10 15:56:56,833 : INFO : SwitchController : <<<<<<< 's_upper_drop_5' inactive >>>>>>>
2022-03-10 15:56:56,863 : INFO : SwitchController : <<<<<<< 's_left_spinner' inactive >>>>>>>
2022-03-10 15:56:57,271 : INFO : SwitchController : <<<<<<< 's_left_spinner' active >>>>>>>
2022-03-10 15:56:57,271 : INFO : EventManager : Event: ======'s_left_spinner_active'====== Args={}
2022-03-10 15:56:57,271 : INFO : EventManager : Event: ======'sw_playfield_active'====== Args={}
2022-03-10 15:56:57,272 : INFO : EventManager : Event: ======'sw_spinner_active'====== Args={}
2022-03-10 15:56:57,272 : INFO : EventManager : Event: ======'machine_var_audits_switches_s_left_spinner'====== Args={'value': 2085, 'prev_value': 2084, 'change': 1}
2022-03-10 15:56:57,274 : INFO : EventManager : Event: ======'player_score'====== Args={'value': 3500, 'prev_value': 3400, 'change': 100, 'player_num': 1}
2022-03-10 15:56:57,274 : INFO : EventManager : Event: ======'player_total_spinner_hits'====== Args={'value': 10, 'prev_value': 9, 'change': 1, 'player_num': 1}
2022-03-10 15:56:57,275 : INFO : EventManager : Event: ======'logicblock_ape_beast_attack_updated'====== Args={'value': 10, 'enabled': True}
2022-03-10 15:56:57,275 : INFO : EventManager : Event: ======'ape_attacked'====== Args={'count': 10, 'remaining': -10}
2022-03-10 15:56:57,302 : INFO : SwitchController : <<<<<<< 's_left_spinner' inactive >>>>>>>
2022-03-10 15:56:57,304 : INFO : EventManager : Event: ======'drop_target_u_first_up'====== Args={'device': <drop_target.u_first>}
2022-03-10 15:56:57,304 : INFO : EventManager : Event: ======'drop_target_u_second_up'====== Args={'device': <drop_target.u_second>}
2022-03-10 15:56:57,304 : INFO : EventManager : Event: ======'drop_target_u_third_up'====== Args={'device': <drop_target.u_third>}
2022-03-10 15:56:57,304 : INFO : EventManager : Event: ======'drop_target_u_fourth_up'====== Args={'device': <drop_target.u_fourth>}
2022-03-10 15:56:57,304 : INFO : EventManager : Event: ======'drop_target_u_fifth_up'====== Args={'device': <drop_target.u_fifth>}
2022-03-10 15:56:57,304 : INFO : EventManager : Event: ======'restore'====== Args={}
2022-03-10 15:56:57,304 : INFO : EventManager : Event: ======'drop_target_bank_upper_bank_up'====== Args={}
2022-03-10 15:56:57,330 : INFO : SwitchController : <<<<<<< 's_left_spinner' active >>>>>>>
2022-03-10 15:56:57,330 : INFO : EventManager : Event: ======'s_left_spinner_active'====== Args={}
2022-03-10 15:56:57,330 : INFO : EventManager : Event: ======'sw_playfield_active'====== Args={}
2022-03-10 15:56:57,330 : INFO : EventManager : Event: ======'sw_spinner_active'====== Args={}
2022-03-10 15:56:57,330 : INFO : EventManager : Event: ======'machine_var_audits_switches_s_left_spinner'====== Args={'value': 2086, 'prev_value': 2085, 'change': 1}
2022-03-10 15:56:57,332 : INFO : EventManager : Event: ======'player_score'====== Args={'value': 3600, 'prev_value': 3500, 'change': 100, 'player_num': 1}
2022-03-10 15:56:57,332 : INFO : EventManager : Event: ======'player_total_spinner_hits'====== Args={'value': 11, 'prev_value': 10, 'change': 1, 'player_num': 1}
2022-03-10 15:56:57,333 : INFO : EventManager : Event: ======'logicblock_ape_beast_attack_updated'====== Args={'value': 9, 'enabled': True}
2022-03-10 15:56:57,333 : INFO : EventManager : Event: ======'ape_attacked'====== Args={'count': 9, 'remaining': -9}
2022-03-10 15:56:57,361 : INFO : SwitchController : <<<<<<< 's_left_spinner' inactive >>>>>>>
2022-03-10 15:56:57,399 : INFO : SwitchController : <<<<<<< 's_left_spinner' active >>>>>>>
2022-03-10 15:56:57,400 : INFO : EventManager : Event: ======'s_left_spinner_active'====== Args={}
2022-03-10 15:56:57,400 : INFO : EventManager : Event: ======'sw_playfield_active'====== Args={}
2022-03-10 15:56:57,400 : INFO : EventManager : Event: ======'sw_spinner_active'====== Args={}
2022-03-10 15:56:57,400 : INFO : EventManager : Event: ======'machine_var_audits_switches_s_left_spinner'====== Args={'value': 2087, 'prev_value': 2086, 'change': 1}
2022-03-10 15:56:57,402 : INFO : EventManager : Event: ======'player_score'====== Args={'value': 3700, 'prev_value': 3600, 'change': 100, 'player_num': 1}
2022-03-10 15:56:57,403 : INFO : EventManager : Event: ======'player_total_spinner_hits'====== Args={'value': 12, 'prev_value': 11, 'change': 1, 'player_num': 1}
2022-03-10 15:56:57,404 : INFO : EventManager : Event: ======'logicblock_ape_beast_attack_updated'====== Args={'value': 8, 'enabled': True}
2022-03-10 15:56:57,404 : INFO : EventManager : Event: ======'ape_attacked'====== Args={'count': 8, 'remaining': -8}
2022-03-10 15:56:57,428 : INFO : SwitchController : <<<<<<< 's_left_spinner' inactive >>>>>>>
2022-03-10 15:56:57,480 : INFO : SwitchController : <<<<<<< 's_left_spinner' active >>>>>>>
2022-03-10 15:56:57,480 : INFO : EventManager : Event: ======'s_left_spinner_active'====== Args={}
2022-03-10 15:56:57,480 : INFO : EventManager : Event: ======'sw_playfield_active'====== Args={}
2022-03-10 15:56:57,480 : INFO : EventManager : Event: ======'sw_spinner_active'====== Args={}
2022-03-10 15:56:57,481 : INFO : EventManager : Event: ======'machine_var_audits_switches_s_left_spinner'====== Args={'value': 2088, 'prev_value': 2087, 'change': 1}
2022-03-10 15:56:57,482 : INFO : EventManager : Event: ======'player_score'====== Args={'value': 3800, 'prev_value': 3700, 'change': 100, 'player_num': 1}
2022-03-10 15:56:57,484 : INFO : EventManager : Event: ======'player_total_spinner_hits'====== Args={'value': 13, 'prev_value': 12, 'change': 1, 'player_num': 1}
2022-03-10 15:56:57,485 : INFO : EventManager : Event: ======'logicblock_ape_beast_attack_updated'====== Args={'value': 7, 'enabled': True}
2022-03-10 15:56:57,486 : INFO : EventManager : Event: ======'ape_attacked'====== Args={'count': 7, 'remaining': -7}
2022-03-10 15:56:57,509 : INFO : SwitchController : <<<<<<< 's_left_spinner' inactive >>>>>>>
2022-03-10 15:56:57,561 : INFO : SwitchController : <<<<<<< 's_left_spinner' active >>>>>>>
2022-03-10 15:56:57,561 : INFO : EventManager : Event: ======'s_left_spinner_active'====== Args={}
2022-03-10 15:56:57,561 : INFO : EventManager : Event: ======'sw_playfield_active'====== Args={}
2022-03-10 15:56:57,561 : INFO : EventManager : Event: ======'sw_spinner_active'====== Args={}
2022-03-10 15:56:57,561 : INFO : EventManager : Event: ======'machine_var_audits_switches_s_left_spinner'====== Args={'value': 2089, 'prev_value': 2088, 'change': 1}
2022-03-10 15:56:57,563 : INFO : EventManager : Event: ======'player_score'====== Args={'value': 3900, 'prev_value': 3800, 'change': 100, 'player_num': 1}
2022-03-10 15:56:57,564 : INFO : EventManager : Event: ======'player_total_spinner_hits'====== Args={'value': 14, 'prev_value': 13, 'change': 1, 'player_num': 1}
2022-03-10 15:56:57,565 : INFO : EventManager : Event: ======'logicblock_ape_beast_attack_updated'====== Args={'value': 6, 'enabled': True}
2022-03-10 15:56:57,566 : INFO : EventManager : Event: ======'ape_attacked'====== Args={'count': 6, 'remaining': -6}
2022-03-10 15:56:57,592 : INFO : SwitchController : <<<<<<< 's_left_spinner' inactive >>>>>>>
2022-03-10 15:56:57,656 : INFO : SwitchController : <<<<<<< 's_left_spinner' active >>>>>>>
2022-03-10 15:56:57,656 : INFO : EventManager : Event: ======'s_left_spinner_active'====== Args={}
2022-03-10 15:56:57,656 : INFO : EventManager : Event: ======'sw_playfield_active'====== Args={}
2022-03-10 15:56:57,656 : INFO : EventManager : Event: ======'sw_spinner_active'====== Args={}
2022-03-10 15:56:57,657 : INFO : EventManager : Event: ======'machine_var_audits_switches_s_left_spinner'====== Args={'value': 2090, 'prev_value': 2089, 'change': 1}
2022-03-10 15:56:57,661 : INFO : EventManager : Event: ======'player_score'====== Args={'value': 4000, 'prev_value': 3900, 'change': 100, 'player_num': 1}
2022-03-10 15:56:57,662 : INFO : EventManager : Event: ======'player_total_spinner_hits'====== Args={'value': 15, 'prev_value': 14, 'change': 1, 'player_num': 1}
2022-03-10 15:56:57,664 : INFO : EventManager : Event: ======'logicblock_ape_beast_attack_updated'====== Args={'value': 5, 'enabled': True}
2022-03-10 15:56:57,664 : INFO : EventManager : Event: ======'ape_attacked'====== Args={'count': 5, 'remaining': -5}
2022-03-10 15:56:57,697 : INFO : SwitchController : <<<<<<< 's_left_spinner' inactive >>>>>>>
2022-03-10 15:56:57,761 : INFO : SwitchController : <<<<<<< 's_left_spinner' active >>>>>>>
2022-03-10 15:56:57,761 : INFO : EventManager : Event: ======'s_left_spinner_active'====== Args={}
2022-03-10 15:56:57,762 : INFO : EventManager : Event: ======'sw_playfield_active'====== Args={}
2022-03-10 15:56:57,762 : INFO : EventManager : Event: ======'sw_spinner_active'====== Args={}
2022-03-10 15:56:57,762 : INFO : EventManager : Event: ======'machine_var_audits_switches_s_left_spinner'====== Args={'value': 2091, 'prev_value': 2090, 'change': 1}
2022-03-10 15:56:57,764 : INFO : EventManager : Event: ======'player_score'====== Args={'value': 4100, 'prev_value': 4000, 'change': 100, 'player_num': 1}
2022-03-10 15:56:57,765 : INFO : EventManager : Event: ======'player_total_spinner_hits'====== Args={'value': 16, 'prev_value': 15, 'change': 1, 'player_num': 1}
2022-03-10 15:56:57,767 : INFO : EventManager : Event: ======'logicblock_ape_beast_attack_updated'====== Args={'value': 4, 'enabled': True}
2022-03-10 15:56:57,767 : INFO : EventManager : Event: ======'ape_attacked'====== Args={'count': 4, 'remaining': -4}
2022-03-10 15:56:57,810 : INFO : EventManager : Event: ======'player_ape_beast_ape_attack_timer_tick'====== Args={'value': 6, 'prev_value': 7, 'change': -1, 'player_num': 1}
2022-03-10 15:56:57,811 : INFO : EventManager : Event: ======'timer_ape_attack_timer_tick'====== Args={'ticks': 6, 'ticks_remaining': 6}
2022-03-10 15:56:57,825 : INFO : SwitchController : <<<<<<< 's_left_spinner' inactive >>>>>>>
2022-03-10 15:56:57,889 : INFO : SwitchController : <<<<<<< 's_left_spinner' active >>>>>>>
2022-03-10 15:56:57,890 : INFO : EventManager : Event: ======'s_left_spinner_active'====== Args={}
2022-03-10 15:56:57,890 : INFO : EventManager : Event: ======'sw_playfield_active'====== Args={}
2022-03-10 15:56:57,890 : INFO : EventManager : Event: ======'sw_spinner_active'====== Args={}
2022-03-10 15:56:57,890 : INFO : EventManager : Event: ======'machine_var_audits_switches_s_left_spinner'====== Args={'value': 2092, 'prev_value': 2091, 'change': 1}
2022-03-10 15:56:57,892 : INFO : EventManager : Event: ======'player_score'====== Args={'value': 4200, 'prev_value': 4100, 'change': 100, 'player_num': 1}
2022-03-10 15:56:57,893 : INFO : EventManager : Event: ======'player_total_spinner_hits'====== Args={'value': 17, 'prev_value': 16, 'change': 1, 'player_num': 1}
2022-03-10 15:56:57,894 : INFO : EventManager : Event: ======'logicblock_ape_beast_attack_updated'====== Args={'value': 3, 'enabled': True}
2022-03-10 15:56:57,894 : INFO : EventManager : Event: ======'ape_attacked'====== Args={'count': 3, 'remaining': -3}
2022-03-10 15:56:57,991 : INFO : SwitchController : <<<<<<< 's_left_spinner' inactive >>>>>>>
2022-03-10 15:56:58,091 : INFO : SwitchController : <<<<<<< 's_left_spinner' active >>>>>>>
2022-03-10 15:56:58,092 : INFO : EventManager : Event: ======'s_left_spinner_active'====== Args={}
2022-03-10 15:56:58,092 : INFO : EventManager : Event: ======'sw_playfield_active'====== Args={}
2022-03-10 15:56:58,092 : INFO : EventManager : Event: ======'sw_spinner_active'====== Args={}
2022-03-10 15:56:58,092 : INFO : EventManager : Event: ======'machine_var_audits_switches_s_left_spinner'====== Args={'value': 2093, 'prev_value': 2092, 'change': 1}
2022-03-10 15:56:58,095 : INFO : EventManager : Event: ======'player_score'====== Args={'value': 4300, 'prev_value': 4200, 'change': 100, 'player_num': 1}
2022-03-10 15:56:58,095 : INFO : EventManager : Event: ======'player_total_spinner_hits'====== Args={'value': 18, 'prev_value': 17, 'change': 1, 'player_num': 1}
2022-03-10 15:56:58,096 : INFO : EventManager : Event: ======'logicblock_ape_beast_attack_updated'====== Args={'value': 2, 'enabled': True}
2022-03-10 15:56:58,097 : INFO : EventManager : Event: ======'ape_attacked'====== Args={'count': 2, 'remaining': -2}
2022-03-10 15:56:58,215 : INFO : SwitchController : <<<<<<< 's_left_spinner' inactive >>>>>>>
2022-03-10 15:56:58,809 : INFO : EventManager : Event: ======'player_ape_beast_ape_attack_timer_tick'====== Args={'value': 5, 'prev_value': 6, 'change': -1, 'player_num': 1}
2022-03-10 15:56:58,810 : INFO : EventManager : Event: ======'timer_ape_attack_timer_tick'====== Args={'ticks': 5, 'ticks_remaining': 5}
2022-03-10 15:56:59,251 : INFO : SwitchController : <<<<<<< 's_left_spinner' active >>>>>>>
2022-03-10 15:56:59,251 : INFO : EventManager : Event: ======'s_left_spinner_active'====== Args={}
2022-03-10 15:56:59,251 : INFO : EventManager : Event: ======'sw_playfield_active'====== Args={}
2022-03-10 15:56:59,252 : INFO : EventManager : Event: ======'sw_spinner_active'====== Args={}
2022-03-10 15:56:59,252 : INFO : EventManager : Event: ======'machine_var_audits_switches_s_left_spinner'====== Args={'value': 2094, 'prev_value': 2093, 'change': 1}
2022-03-10 15:56:59,254 : INFO : EventManager : Event: ======'player_score'====== Args={'value': 4400, 'prev_value': 4300, 'change': 100, 'player_num': 1}
2022-03-10 15:56:59,255 : INFO : EventManager : Event: ======'player_total_spinner_hits'====== Args={'value': 19, 'prev_value': 18, 'change': 1, 'player_num': 1}
2022-03-10 15:56:59,257 : INFO : EventManager : Event: ======'logicblock_ape_beast_attack_updated'====== Args={'value': 1, 'enabled': True}
2022-03-10 15:56:59,257 : INFO : EventManager : Event: ======'ape_attacked'====== Args={'count': 1, 'remaining': -1}
2022-03-10 15:56:59,427 : INFO : SwitchController : <<<<<<< 's_left_spinner' inactive >>>>>>>
2022-03-10 15:56:59,645 : INFO : SwitchController : <<<<<<< 's_left_spinner' active >>>>>>>
2022-03-10 15:56:59,646 : INFO : EventManager : Event: ======'s_left_spinner_active'====== Args={}
2022-03-10 15:56:59,646 : INFO : EventManager : Event: ======'sw_playfield_active'====== Args={}
2022-03-10 15:56:59,646 : INFO : EventManager : Event: ======'sw_spinner_active'====== Args={}
2022-03-10 15:56:59,646 : INFO : EventManager : Event: ======'machine_var_audits_switches_s_left_spinner'====== Args={'value': 2095, 'prev_value': 2094, 'change': 1}
2022-03-10 15:56:59,649 : INFO : EventManager : Event: ======'player_score'====== Args={'value': 4500, 'prev_value': 4400, 'change': 100, 'player_num': 1}
2022-03-10 15:56:59,650 : INFO : EventManager : Event: ======'player_total_spinner_hits'====== Args={'value': 20, 'prev_value': 19, 'change': 1, 'player_num': 1}
2022-03-10 15:56:59,653 : INFO : EventManager : Event: ======'logicblock_ape_beast_attack_updated'====== Args={'value': 0, 'enabled': True}
2022-03-10 15:56:59,653 : INFO : EventManager : Event: ======'ape_attacked'====== Args={'count': 0, 'remaining': 0}
2022-03-10 15:56:59,653 : INFO : EventManager : Event: ======'ape_beast_complete'====== Args={}
2022-03-10 15:56:59,653 : INFO : EventManager : Event: ======'logicblock_ape_beast_attack_updated'====== Args={'value': 20, 'enabled': True}
2022-03-10 15:56:59,653 : INFO : EventManager : Event: ======'logicblock_ape_beast_attack_updated'====== Args={'value': 20, 'enabled': False}
2022-03-10 15:56:59,654 : INFO : EventManager : Event: ======'mode_ape_beast_will_stop'====== Args={}
2022-03-10 15:56:59,654 : INFO : EventManager : Event: ======'mode_ape_beast_stopping'====== Args={}
2022-03-10 15:56:59,654 : INFO : EventManager : Event: ======'player_score'====== Args={'value': 14500, 'prev_value': 4500, 'change': 10000, 'player_num': 1}
2022-03-10 15:56:59,654 : INFO : EventManager : Event: ======'player_ape_beast_mode_count'====== Args={'value': 1, 'prev_value': 0, 'change': 1, 'player_num': 1}
2022-03-10 15:56:59,655 : INFO : Mode.ape_beast : Stopped.
2022-03-10 15:56:59,656 : INFO : EventManager : Event: ======'modes_active_modes_changed'====== Args={}
2022-03-10 15:56:59,656 : INFO : EventManager : Event: ======'mode_ape_beast_stopped'====== Args={}
2022-03-10 15:56:59,657 : INFO : EventManager : Event: ======'clear'====== Args={'key': 'ape_beast'}
2022-03-10 15:56:59,657 : INFO : Timer.ape_attack_timer : Stopping Timer
2022-03-10 15:56:59,658 : INFO : EventManager : Event: ======'timer_ape_attack_timer_stopped'====== Args={'ticks': 5, 'ticks_remaining': 5}
2022-03-10 15:56:59,680 : INFO : EventManager : Event: ======'slide_ape_beast.slide_player-mode_ape_beast_started_removed'====== Args={'_from_bcp': True}
2022-03-10 15:56:59,680 : INFO : EventManager : Event: ======'slide_base.slide_player-mode_base_started_active'====== Args={'_from_bcp': True}
2022-03-10 15:56:59,857 : INFO : SwitchController : <<<<<<< 's_left_spinner' inactive >>>>>>>
2022-03-10 15:57:00,220 : INFO : EventManager : Event: ======'ball_save_bs_base_hurry_up'====== Args={}
2022-03-10 15:57:03,220 : INFO : EventManager : Event: ======'ball_save_bs_base_grace_period'====== Args={}
2022-03-10 15:57:05,220 : INFO : EventManager : Event: ======'ball_save_bs_base_disabled'====== Args={}
2022-03-10 15:57:07,350 : INFO : Machine : Shutting down...
2022-03-10 15:57:07,350 : INFO : EventManager : Event: ======'shutdown'====== Args={}
2022-03-10 15:57:07,351 : INFO : EventManager : Event: ======'mode_service_will_stop'====== Args={}
2022-03-10 15:57:07,351 : INFO : EventManager : Event: ======'mode_service_stopping'====== Args={}
2022-03-10 15:57:07,353 : INFO : Mode.service : Stopped.
2022-03-10 15:57:07,353 : INFO : EventManager : Event: ======'modes_active_modes_changed'====== Args={}
2022-03-10 15:57:07,354 : INFO : EventManager : Event: ======'mode_service_stopped'====== Args={}
2022-03-10 15:57:07,354 : INFO : EventManager : Event: ======'clear'====== Args={'key': 'service'}
2022-03-10 15:57:07,365 : ERROR : OPP : Stop called on serial connection /dev/ttyACM0
2022-03-10 15:57:07,366 : ERROR : OPP : Stop called on serial connection /dev/ttyACM2
2022-03-10 15:57:07,367 : ERROR : OPP : Stop called on serial connection /dev/ttyACM1
2022-03-10 15:57:07,372 : INFO : root : MPF run loop ended.
